[Licensing::Module] Trying to connect to existing licensing client channel...
Built from '6000.2/staging' branch; Version is '6000.2.1f1 (55300504c302) revision 5582853'; Using compiler version '194234433'; Build Type 'Release'
OS: 'Windows 11  (10.0.26100) 64bit Professional' Language: 'en' Physical Memory: 7914 MB
BatchMode: 1, IsHumanControllingUs: 0, StartBugReporterOnCrash: 0, Is64bit: 1
Date: 2025-09-11T18:29:18Z
[Licensing::IpcConnector] Successfully connected to: "LicenseClient-ngotruong03" at "2025-09-11T18:29:18.6977182Z"

COMMAND LINE ARGUMENTS:
D:\Program Files\Unity Hub\Editor\6000.2.1f1\Editor\Unity.exe
-adb2
-batchMode
-noUpm
-name
AssetImportWorker0
-projectPath
D:/GameMake/Blood Moon/Blood Moon
-logFile
Logs/AssetImportWorker0.log
-srvPort
51878
-licensingIpc
LicenseClient-ngotruong03
-job-worker-count
3
-background-job-worker-count
8
-gc-helper-count
1
-name
AssetImport
Successfully changed project path to: D:/GameMake/Blood Moon/Blood Moon
D:/GameMake/Blood Moon/Blood Moon
[UnityMemory] Configuration Parameters - Can be set up in boot.config
    "memorysetup-allocator-temp-initial-block-size-main=262144"
    "memorysetup-allocator-temp-initial-block-size-worker=262144"
    "memorysetup-bucket-allocator-granularity=16"
    "memorysetup-bucket-allocator-bucket-count=8"
    "memorysetup-bucket-allocator-block-size=33554432"
    "memorysetup-bucket-allocator-block-count=8"
    "memorysetup-main-allocator-block-size=16777216"
    "memorysetup-thread-allocator-block-size=16777216"
    "memorysetup-gfx-main-allocator-block-size=16777216"
    "memorysetup-gfx-thread-allocator-block-size=16777216"
    "memorysetup-cache-allocator-block-size=4194304"
    "memorysetup-typetree-allocator-block-size=2097152"
    "memorysetup-profiler-bucket-allocator-granularity=16"
    "memorysetup-profiler-bucket-allocator-bucket-count=8"
    "memorysetup-profiler-bucket-allocator-block-size=33554432"
    "memorysetup-profiler-bucket-allocator-block-count=8"
    "memorysetup-profiler-allocator-block-size=16777216"
    "memorysetup-profiler-editor-allocator-block-size=1048576"
    "memorysetup-temp-allocator-size-main=16777216"
    "memorysetup-job-temp-allocator-block-size=2097152"
    "memorysetup-job-temp-allocator-block-size-background=1048576"
    "memorysetup-job-temp-allocator-reduction-small-platforms=262144"
    "memorysetup-temp-allocator-size-background-worker=32768"
    "memorysetup-temp-allocator-size-job-worker=262144"
    "memorysetup-temp-allocator-size-preload-manager=33554432"
    "memorysetup-temp-allocator-size-nav-mesh-worker=65536"
    "memorysetup-temp-allocator-size-audio-worker=65536"
    "memorysetup-temp-allocator-size-cloud-worker=32768"
    "memorysetup-temp-allocator-size-gi-baking-worker=262144"
    "memorysetup-temp-allocator-size-gi-baking-worker=262144"
    "memorysetup-temp-allocator-size-gi-baking-worker=262144"
    "memorysetup-temp-allocator-size-gi-baking-worker=262144"
    "memorysetup-temp-allocator-size-gi-baking-worker=262144"
    "memorysetup-temp-allocator-size-gfx=262144"
Player connection [2084]  Target information:

Player connection [2084]  * "[IP] 192.168.0.100 [Port] 0 [Flags] 2 [Guid] 3043606679 [EditorId] 3043606679 [Version] 1048832 [Id] WindowsEditor(7,DESKTOP-J5OQMAD) [Debug] 1 [PackageName] WindowsEditor [ProjectName] Editor" 

Player connection [2084] Host joined multi-casting on [225.0.0.222:54997]...
Player connection [2084] Host joined alternative multi-casting on [225.0.0.222:34997]...
JobSystem: Creating JobQueue using job-worker-count value 3
[Licensing::Client] Code 10 while verifying Licensing Client signature (process Id: 9644, path: "D:/Program Files/Unity Hub/UnityLicensingClient_V1/Unity.Licensing.Client.exe")
[Licensing::Module] LicensingClient has failed validation; ignoring
Input System module state changed to: Initialized.
[Physics::Module] Initialized fallback backend.
[Physics::Module] Id: 0xdecafbad
[Licensing::Client] Error: HandshakeResponse reported an error:
	ResponseCode: 505
	ResponseStatus: Unsupported protocol version '1.17.2'.
[Licensing::Module] Error: Failed to handshake to channel: "LicenseClient-ngotruong03"
[Licensing::IpcConnector] LicenseClient-ngotruong03 channel disconnected successfully.
[Licensing::IpcConnector] Successfully connected to: "LicenseClient-ngotruong03-6000.2.1" at "2025-09-11T18:29:21.4129979Z"
[Licensing::Client] Code 10 while verifying Licensing Client signature (process Id: 11916, path: "D:/Program Files/Unity Hub/Editor/6000.2.1f1/Editor/Data/Resources/Licensing/Client/Unity.Licensing.Client.exe")
[Licensing::Module] LicensingClient has failed validation; ignoring
Library Redirect Path: Library/
[Licensing::Client] Handshaking with LicensingClient:
  Version:                 1.17.2+ff71f16
  Session Id:              2dea2b89962144fa9c987be099213d0d
  Correlation Id:          db2154c0fb12e9dc36cdc6fb0cec65b9
  External correlation Id: 7043747602626347762
  Machine Id:              /3FsqsO2mzey35z1+JD4MhulOII=
[Licensing::Module] Successfully connected to LicensingClient on channel: "LicenseClient-ngotruong03-6000.2.1" (connect: 0.00s, validation: 1.65s, handshake: 0.01s)
[Licensing::IpcConnector] Successfully connected to: "LicenseClient-ngotruong03-6000.2.1-notifications" at "2025-09-11T18:29:23.0736057Z"
[Licensing::Module] Licensing Background thread has ended after 4.38s
[Physics::Module] Selected backend.
[Physics::Module] Name: PhysX
[Physics::Module] Id: 0xf2b8ea05
[Physics::Module] SDK Version: 4.1.2
[Physics::Module] Integration Version: 1.0.0
[Physics::Module] Threading Mode: Multi-Threaded
Refreshing native plugins compatible for Editor in 724.19 ms, found 4 plugins.
Preloading 0 native plugins for Editor in 0.00 ms.
Initialize engine version: 6000.2.1f1 (55300504c302)
[Subsystems] Discovering subsystems at path D:/Program Files/Unity Hub/Editor/6000.2.1f1/Editor/Data/Resources/UnitySubsystems
[Subsystems] Discovering subsystems at path D:/GameMake/Blood Moon/Blood Moon/Assets
GfxDevice: creating device client; kGfxThreadingModeNonThreaded
d3d12: failed to query info queue interface (0x80004002).
Direct3D:
    Version:         Direct3D 12 [level 12.1]
    Renderer:        Intel(R) Iris(R) Xe Graphics (ID=0x9a49)
    Vendor:          Intel
    VRAM:            3957 MB
    App VRAM Budget: 3561 MB
    Driver:          31.0.101.5333
    Unified Memory Architecture
    Cache Coherent UMA
Initialize mono
Mono path[0] = 'D:/Program Files/Unity Hub/Editor/6000.2.1f1/Editor/Data/Managed'
Mono path[1] = 'D:/Program Files/Unity Hub/Editor/6000.2.1f1/Editor/Data/MonoBleedingEdge/lib/mono/unityjit-win32'
Mono config path = 'D:/Program Files/Unity Hub/Editor/6000.2.1f1/Editor/Data/MonoBleedingEdge/etc'
Using monoOptions --debugger-agent=transport=dt_socket,embedding=1,server=y,suspend=n,address=127.0.0.1:56216
Begin MonoManager ReloadAssembly
Registering precompiled unity dll's ...
Register platform support module: D:/Program Files/Unity Hub/Editor/6000.2.1f1/Editor/Data/PlaybackEngines/WebGLSupport/UnityEditor.WebGL.Extensions.dll
Register platform support module: D:/Program Files/Unity Hub/Editor/6000.2.1f1/Editor/Data/PlaybackEngines/WindowsStandaloneSupport/UnityEditor.WindowsStandalone.Extensions.dll
[Licensing::Client] Successfully resolved entitlement details
[Licensing::Module] License group:
  Id: 18968324780117-UnityPersXXXX
  Product: Unity Personal
  Type: Assigned
  Expiration: Unlimited
Register platform support module: D:/Program Files/Unity Hub/Editor/6000.2.1f1/Editor/Data/PlaybackEngines/AndroidPlayer/UnityEditor.Android.Extensions.dll
Registered in 0.392346 seconds.
- Loaded All Assemblies, in  5.882 seconds
Native extension for Android target not found
Android Extension - Scanning For ADB Devices 565 ms
Native extension for WindowsStandalone target not found
Native extension for WebGL target not found
Mono: successfully reloaded assembly
- Finished resetting the current domain, in  2.844 seconds
Domain Reload Profiling: 8737ms
	BeginReloadAssembly (3113ms)
		ExecutionOrderSort (0ms)
		DisableScriptedObjects (0ms)
		BackupInstance (0ms)
		ReleaseScriptingObjects (0ms)
		CreateAndSetChildDomain (14ms)
	RebuildCommonClasses (709ms)
	RebuildNativeTypeToScriptingClass (15ms)
	initialDomainReloadingComplete (1153ms)
	LoadAllAssembliesAndSetupDomain (891ms)
		LoadAssemblies (3118ms)
		RebuildTransferFunctionScriptingTraits (0ms)
		AnalyzeDomain (810ms)
			TypeCache.Refresh (799ms)
				TypeCache.ScanAssembly (662ms)
			BuildScriptInfoCaches (0ms)
			ResolveRequiredComponents (9ms)
	FinalizeReload (2856ms)
		ReleaseScriptCaches (0ms)
		RebuildScriptCaches (0ms)
		SetupLoadedEditorAssemblies (1492ms)
			LogAssemblyErrors (0ms)
			InitializePlatformSupportModulesInManaged (1003ms)
			SetLoadedEditorAssemblies (5ms)
			BeforeProcessingInitializeOnLoad (82ms)
			ProcessInitializeOnLoadAttributes (138ms)
			ProcessInitializeOnLoadMethodAttributes (264ms)
			AfterProcessingInitializeOnLoad (0ms)
			EditorAssembliesLoaded (0ms)
		ExecutionOrderSort2 (0ms)
		AwakeInstancesAfterBackupRestoration (0ms)
========================================================================
Worker process is ready to serve import requests
Import Worker Mode flag is 0x00
Begin MonoManager ReloadAssembly
[Licensing::Client] Successfully resolved entitlement details
- Loaded All Assemblies, in  6.252 seconds
Refreshing native plugins compatible for Editor in 1.45 ms, found 4 plugins.
Native extension for Android target not found
Native extension for WindowsStandalone target not found
Native extension for WebGL target not found
Package Manager log level set to [2]
[Package Manager] Failed to launch server process. Reason: Unity was launched with the -noUpm command-line argument
[Package Manager] Unable to send message (not connected to server process).
[Package Manager] Cannot connect to Unity Package Manager local server
Mono: successfully reloaded assembly
- Finished resetting the current domain, in  7.276 seconds
Domain Reload Profiling: 13481ms
	BeginReloadAssembly (382ms)
		ExecutionOrderSort (0ms)
		DisableScriptedObjects (33ms)
		BackupInstance (0ms)
		ReleaseScriptingObjects (0ms)
		CreateAndSetChildDomain (92ms)
	RebuildCommonClasses (41ms)
	RebuildNativeTypeToScriptingClass (14ms)
	initialDomainReloadingComplete (50ms)
	LoadAllAssembliesAndSetupDomain (5715ms)
		LoadAssemblies (4682ms)
		RebuildTransferFunctionScriptingTraits (0ms)
		AnalyzeDomain (1185ms)
			TypeCache.Refresh (524ms)
				TypeCache.ScanAssembly (475ms)
			BuildScriptInfoCaches (641ms)
			ResolveRequiredComponents (12ms)
	FinalizeReload (7277ms)
		ReleaseScriptCaches (0ms)
		RebuildScriptCaches (0ms)
		SetupLoadedEditorAssemblies (4574ms)
			LogAssemblyErrors (0ms)
			InitializePlatformSupportModulesInManaged (11ms)
			SetLoadedEditorAssemblies (8ms)
			BeforeProcessingInitializeOnLoad (140ms)
			ProcessInitializeOnLoadAttributes (1822ms)
			ProcessInitializeOnLoadMethodAttributes (2591ms)
			AfterProcessingInitializeOnLoad (2ms)
			EditorAssembliesLoaded (0ms)
		ExecutionOrderSort2 (0ms)
		AwakeInstancesAfterBackupRestoration (5ms)
Launched and connected shader compiler UnityShaderCompiler.exe after 0.43 seconds
Refreshing native plugins compatible for Editor in 2.79 ms, found 4 plugins.
Preloading 0 native plugins for Editor in 0.00 ms.
Unloading 37 Unused Serialized files (Serialized files now loaded: 0)
Unloading 6767 unused Assets / (8.2 MB). Loaded Objects now: 7437.
Memory consumption went from 142.1 MB to 133.9 MB.
Total: 102.370500 ms (FindLiveObjects: 2.533500 ms CreateObjectMapping: 1.320500 ms MarkObjects: 91.290400 ms  DeleteObjects: 7.223300 ms)

========================================================================
Received Import Request.
  Time since last request: 3979.971509 seconds.
  path: Assets/Asset/Enemy/Skeleton
  artifactKey: Guid(9687658a0bcc0a040a6ff092623ea4b4) Importer(815301076,1909f56bfc062723c751e8b465ee728b)
Start importing Assets/Asset/Enemy/Skeleton using Guid(9687658a0bcc0a040a6ff092623ea4b4) Importer(815301076,1909f56bfc062723c751e8b465ee728b) (PreviewImporter) -> (artifact id: 'f5ad2b404829b987df3a4774cc139ea2') in 0.1914528 seconds
Number of updated asset objects reloaded before import = 0Number of asset objects unloaded after import = 0

========================================================================
Received Import Request.
  Time since last request: 0.000061 seconds.
  path: Assets/Asset/Enemy/Skeleton/Skeleton Walk.png
  artifactKey: Guid(336e856c2c444a04d9288020bceabd23) Importer(815301076,1909f56bfc062723c751e8b465ee728b)
Start importing Assets/Asset/Enemy/Skeleton/Skeleton Walk.png using Guid(336e856c2c444a04d9288020bceabd23) Importer(815301076,1909f56bfc062723c751e8b465ee728b) (PreviewImporter) -> (artifact id: 'ef2f716cb9281586efeec6fc7da26de4') in 0.2790877 seconds
Number of updated asset objects reloaded before import = 0Number of asset objects unloaded after import = 15

========================================================================
Received Import Request.
  Time since last request: 0.000078 seconds.
  path: Assets/Asset/Enemy/Skeleton/Skeleton Idle.png
  artifactKey: Guid(6a43ba4b44758a248aee85a7f046d8dd) Importer(815301076,1909f56bfc062723c751e8b465ee728b)
Start importing Assets/Asset/Enemy/Skeleton/Skeleton Idle.png using Guid(6a43ba4b44758a248aee85a7f046d8dd) Importer(815301076,1909f56bfc062723c751e8b465ee728b) (PreviewImporter) -> (artifact id: '85bb44bbc0ce34bf1cb3eae5ca170c1f') in 0.1970221 seconds
Number of updated asset objects reloaded before import = 0Number of asset objects unloaded after import = 13

========================================================================
Received Import Request.
  Time since last request: 7.721303 seconds.
  path: Assets/Asset/Enemy/Skeleton/Skeleton Attack.png
  artifactKey: Guid(628ec442c980389448d0b2e81ed7b6fa) Importer(815301076,1909f56bfc062723c751e8b465ee728b)
Start importing Assets/Asset/Enemy/Skeleton/Skeleton Attack.png using Guid(628ec442c980389448d0b2e81ed7b6fa) Importer(815301076,1909f56bfc062723c751e8b465ee728b) (PreviewImporter) -> (artifact id: 'b5674179ad574cb04dcd1a9fa1ed062e') in 0.5069206 seconds
Number of updated asset objects reloaded before import = 0Number of asset objects unloaded after import = 20

========================================================================
Received Import Request.
  Time since last request: 0.000032 seconds.
  path: Assets/Asset/Enemy/Skeleton/Skeleton React.png
  artifactKey: Guid(283c3d37a147ed3498d4a3df75137771) Importer(815301076,1909f56bfc062723c751e8b465ee728b)
Start importing Assets/Asset/Enemy/Skeleton/Skeleton React.png using Guid(283c3d37a147ed3498d4a3df75137771) Importer(815301076,1909f56bfc062723c751e8b465ee728b) (PreviewImporter) -> (artifact id: 'c17130ef9c7c7ef2e3a129c75506084e') in 0.050745 seconds
Number of updated asset objects reloaded before import = 0Number of asset objects unloaded after import = 6

========================================================================
Received Import Request.
  Time since last request: 0.000049 seconds.
  path: Assets/Asset/Enemy/Skeleton/Skeleton Idle.png
  artifactKey: Guid(6a43ba4b44758a248aee85a7f046d8dd) Importer(815301076,1909f56bfc062723c751e8b465ee728b)
Start importing Assets/Asset/Enemy/Skeleton/Skeleton Idle.png using Guid(6a43ba4b44758a248aee85a7f046d8dd) Importer(815301076,1909f56bfc062723c751e8b465ee728b) (PreviewImporter) -> (artifact id: 'e2102c2862ba8d326446cb519cec4b24') in 0.092941 seconds
Number of updated asset objects reloaded before import = 0Number of asset objects unloaded after import = 13

========================================================================
Received Import Request.
  Time since last request: 19.881958 seconds.
  path: Assets/Asset/Enemy/Skeleton/Skeleton Attack.png
  artifactKey: Guid(628ec442c980389448d0b2e81ed7b6fa) Importer(815301076,1909f56bfc062723c751e8b465ee728b)
Start importing Assets/Asset/Enemy/Skeleton/Skeleton Attack.png using Guid(628ec442c980389448d0b2e81ed7b6fa) Importer(815301076,1909f56bfc062723c751e8b465ee728b) (PreviewImporter) -> (artifact id: 'b470dedf2d87e122087d8fef1e4303ff') in 0.1129717 seconds
Number of updated asset objects reloaded before import = 0Number of asset objects unloaded after import = 20

========================================================================
Received Import Request.
  Time since last request: 0.000031 seconds.
  path: Assets/Asset/Enemy/Skeleton/Skeleton Walk.png
  artifactKey: Guid(336e856c2c444a04d9288020bceabd23) Importer(815301076,1909f56bfc062723c751e8b465ee728b)
Start importing Assets/Asset/Enemy/Skeleton/Skeleton Walk.png using Guid(336e856c2c444a04d9288020bceabd23) Importer(815301076,1909f56bfc062723c751e8b465ee728b) (PreviewImporter) -> (artifact id: '1f0b943b4e058844c5d6909cb12f04bb') in 0.0771942 seconds
Number of updated asset objects reloaded before import = 0Number of asset objects unloaded after import = 15

========================================================================
Received Import Request.
  Time since last request: 0.000063 seconds.
  path: Assets/Asset/Enemy/Skeleton/Skeleton Idle.png
  artifactKey: Guid(6a43ba4b44758a248aee85a7f046d8dd) Importer(815301076,1909f56bfc062723c751e8b465ee728b)
Start importing Assets/Asset/Enemy/Skeleton/Skeleton Idle.png using Guid(6a43ba4b44758a248aee85a7f046d8dd) Importer(815301076,1909f56bfc062723c751e8b465ee728b) (PreviewImporter) -> (artifact id: '98fe8a80025e1e71f25e0c6e97371e14') in 0.0628313 seconds
Number of updated asset objects reloaded before import = 0Number of asset objects unloaded after import = 13

========================================================================
Received Import Request.
  Time since last request: 6.238179 seconds.
  path: Assets/Asset/Enemy/Skeleton/Skeleton Attack.png
  artifactKey: Guid(628ec442c980389448d0b2e81ed7b6fa) Importer(815301076,1909f56bfc062723c751e8b465ee728b)
Start importing Assets/Asset/Enemy/Skeleton/Skeleton Attack.png using Guid(628ec442c980389448d0b2e81ed7b6fa) Importer(815301076,1909f56bfc062723c751e8b465ee728b) (PreviewImporter) -> (artifact id: '2d13e021f47a5024b467891c306812cd') in 0.1181584 seconds
Number of updated asset objects reloaded before import = 0Number of asset objects unloaded after import = 20

========================================================================
Received Import Request.
  Time since last request: 0.000027 seconds.
  path: Assets/Asset/Enemy/Skeleton/Skeleton Walk.png
  artifactKey: Guid(336e856c2c444a04d9288020bceabd23) Importer(815301076,1909f56bfc062723c751e8b465ee728b)
Start importing Assets/Asset/Enemy/Skeleton/Skeleton Walk.png using Guid(336e856c2c444a04d9288020bceabd23) Importer(815301076,1909f56bfc062723c751e8b465ee728b) (PreviewImporter) -> (artifact id: '9473385c0cd3383a7e922ef9497954fb') in 0.0693182 seconds
Number of updated asset objects reloaded before import = 0Number of asset objects unloaded after import = 15

========================================================================
Received Import Request.
  Time since last request: 0.000032 seconds.
  path: Assets/Asset/Enemy/Skeleton/Skeleton Hit.png
  artifactKey: Guid(515ec494991e5064a8d568981af97264) Importer(815301076,1909f56bfc062723c751e8b465ee728b)
Start importing Assets/Asset/Enemy/Skeleton/Skeleton Hit.png using Guid(515ec494991e5064a8d568981af97264) Importer(815301076,1909f56bfc062723c751e8b465ee728b) (PreviewImporter) -> (artifact id: 'edc09d94c53fe1aa37fcd9af3586195a') in 0.052036 seconds
Number of updated asset objects reloaded before import = 0Number of asset objects unloaded after import = 10

========================================================================
Received Import Request.
  Time since last request: 13.192256 seconds.
  path: Assets/Asset/Enemy/Skeleton/Skeleton Attack.png
  artifactKey: Guid(628ec442c980389448d0b2e81ed7b6fa) Importer(815301076,1909f56bfc062723c751e8b465ee728b)
Start importing Assets/Asset/Enemy/Skeleton/Skeleton Attack.png using Guid(628ec442c980389448d0b2e81ed7b6fa) Importer(815301076,1909f56bfc062723c751e8b465ee728b) (PreviewImporter) -> (artifact id: '7766de314430842285c29bc3ee108d5e') in 0.4289049 seconds
Number of updated asset objects reloaded before import = 0Number of asset objects unloaded after import = 20

========================================================================
Received Import Request.
  Time since last request: 0.000029 seconds.
  path: Assets/Asset/Enemy/Skeleton/Skeleton Walk.png
  artifactKey: Guid(336e856c2c444a04d9288020bceabd23) Importer(815301076,1909f56bfc062723c751e8b465ee728b)
Start importing Assets/Asset/Enemy/Skeleton/Skeleton Walk.png using Guid(336e856c2c444a04d9288020bceabd23) Importer(815301076,1909f56bfc062723c751e8b465ee728b) (PreviewImporter) -> (artifact id: 'ed8e1e3f661384e94119f6d5130b672f') in 0.0838554 seconds
Number of updated asset objects reloaded before import = 0Number of asset objects unloaded after import = 15

========================================================================
Received Import Request.
  Time since last request: 0.000035 seconds.
  path: Assets/Asset/Enemy/Skeleton/Skeleton Hit.png
  artifactKey: Guid(515ec494991e5064a8d568981af97264) Importer(815301076,1909f56bfc062723c751e8b465ee728b)
Start importing Assets/Asset/Enemy/Skeleton/Skeleton Hit.png using Guid(515ec494991e5064a8d568981af97264) Importer(815301076,1909f56bfc062723c751e8b465ee728b) (PreviewImporter) -> (artifact id: 'd695bab617edfe0519c0ac7d4b124b77') in 0.0569718 seconds
Number of updated asset objects reloaded before import = 0Number of asset objects unloaded after import = 10

========================================================================
Received Import Request.
  Time since last request: 65.472098 seconds.
  path: Assets/Asset/Enemy/Skeleton/Spites
  artifactKey: Guid(2bfb181507131d04aaf0b912d3642a1b) Importer(815301076,1909f56bfc062723c751e8b465ee728b)
Start importing Assets/Asset/Enemy/Skeleton/Spites using Guid(2bfb181507131d04aaf0b912d3642a1b) Importer(815301076,1909f56bfc062723c751e8b465ee728b) (PreviewImporter) -> (artifact id: '2361f7ec0705c9abf015afbcda20757f') in 0.003061 seconds
Number of updated asset objects reloaded before import = 0Number of asset objects unloaded after import = 0

========================================================================
Received Import Request.
  Time since last request: 100.373664 seconds.
  path: Assets/Asset/Enemy/Skeleton/Spites/Skeleton Idle.png
  artifactKey: Guid(6a43ba4b44758a248aee85a7f046d8dd) Importer(815301076,1909f56bfc062723c751e8b465ee728b)
Start importing Assets/Asset/Enemy/Skeleton/Spites/Skeleton Idle.png using Guid(6a43ba4b44758a248aee85a7f046d8dd) Importer(815301076,1909f56bfc062723c751e8b465ee728b) (PreviewImporter) -> (artifact id: 'c1184d04fbe0abf1da8d33e54c042ea5') in 0.0849402 seconds
Number of updated asset objects reloaded before import = 0Number of asset objects unloaded after import = 13

========================================================================
Received Import Request.
  Time since last request: 79.113747 seconds.
  path: Assets/Asset/Enemy/Skeleton/Spites/Skeleton Idle.png
  artifactKey: Guid(6a43ba4b44758a248aee85a7f046d8dd) Importer(815301076,1909f56bfc062723c751e8b465ee728b)
Start importing Assets/Asset/Enemy/Skeleton/Spites/Skeleton Idle.png using Guid(6a43ba4b44758a248aee85a7f046d8dd) Importer(815301076,1909f56bfc062723c751e8b465ee728b) (PreviewImporter) -> (artifact id: '0cf0785f2ab33d91f5523c2ba1186bf6') in 0.1127396 seconds
Number of updated asset objects reloaded before import = 0Number of asset objects unloaded after import = 13

========================================================================
Received Import Request.
  Time since last request: 61.947692 seconds.
  path: Assets/PreFab/Assassin/Player_Assassin.prefab
  artifactKey: Guid(76e61e7af9761264b961b03ef39d52a5) Importer(815301076,1909f56bfc062723c751e8b465ee728b)
Start importing Assets/PreFab/Assassin/Player_Assassin.prefab using Guid(76e61e7af9761264b961b03ef39d52a5) Importer(815301076,1909f56bfc062723c751e8b465ee728b) (PreviewImporter) -> (artifact id: '83d65bcc8a5dd224007a421d3852dba1') in 6.9111348 seconds
Number of updated asset objects reloaded before import = 0Number of asset objects unloaded after import = 125

========================================================================
Received Prepare
Refreshing native plugins compatible for Editor in 217.53 ms, found 4 plugins.
Preloading 0 native plugins for Editor in 0.00 ms.
Unloading 36 Unused Serialized files (Serialized files now loaded: 0)
Unloading 6755 unused Assets / (3.8 MB). Loaded Objects now: 7620.
Memory consumption went from 150.1 MB to 146.3 MB.
Total: 338.335200 ms (FindLiveObjects: 31.589300 ms CreateObjectMapping: 3.846900 ms MarkObjects: 276.267600 ms  DeleteObjects: 26.623700 ms)

Prepare: number of updated asset objects reloaded= 0
========================================================================
Received Prepare
Refreshing native plugins compatible for Editor in 2.80 ms, found 4 plugins.
Preloading 0 native plugins for Editor in 0.00 ms.
Unloading 36 Unused Serialized files (Serialized files now loaded: 0)
Unloading 6755 unused Assets / (7.4 MB). Loaded Objects now: 7620.
Memory consumption went from 151.5 MB to 144.1 MB.
Total: 22.567100 ms (FindLiveObjects: 1.882600 ms CreateObjectMapping: 1.484000 ms MarkObjects: 12.179900 ms  DeleteObjects: 7.017900 ms)

Prepare: number of updated asset objects reloaded= 0
========================================================================
Received Prepare
Begin MonoManager ReloadAssembly
[Licensing::Client] Successfully resolved entitlement details
- Loaded All Assemblies, in 11.077 seconds
Refreshing native plugins compatible for Editor in 3.52 ms, found 4 plugins.
Native extension for Android target not found
Native extension for WindowsStandalone target not found
Native extension for WebGL target not found
[Package Manager] Failed to launch server process. Reason: Unity was launched with the -noUpm command-line argument
[Package Manager] Unable to send message (not connected to server process).
[Package Manager] Cannot connect to Unity Package Manager local server
Mono: successfully reloaded assembly
- Finished resetting the current domain, in  1.899 seconds
Domain Reload Profiling: 12989ms
	BeginReloadAssembly (2860ms)
		ExecutionOrderSort (0ms)
		DisableScriptedObjects (248ms)
		BackupInstance (0ms)
		ReleaseScriptingObjects (1ms)
		CreateAndSetChildDomain (837ms)
	RebuildCommonClasses (142ms)
	RebuildNativeTypeToScriptingClass (26ms)
	initialDomainReloadingComplete (84ms)
	LoadAllAssembliesAndSetupDomain (7976ms)
		LoadAssemblies (8356ms)
		RebuildTransferFunctionScriptingTraits (0ms)
		AnalyzeDomain (746ms)
			TypeCache.Refresh (61ms)
				TypeCache.ScanAssembly (3ms)
			BuildScriptInfoCaches (636ms)
			ResolveRequiredComponents (26ms)
	FinalizeReload (1900ms)
		ReleaseScriptCaches (0ms)
		RebuildScriptCaches (0ms)
		SetupLoadedEditorAssemblies (1444ms)
			LogAssemblyErrors (0ms)
			InitializePlatformSupportModulesInManaged (68ms)
			SetLoadedEditorAssemblies (16ms)
			BeforeProcessingInitializeOnLoad (318ms)
			ProcessInitializeOnLoadAttributes (901ms)
			ProcessInitializeOnLoadMethodAttributes (136ms)
			AfterProcessingInitializeOnLoad (4ms)
			EditorAssembliesLoaded (1ms)
		ExecutionOrderSort2 (0ms)
		AwakeInstancesAfterBackupRestoration (31ms)
Refreshing native plugins compatible for Editor in 6.14 ms, found 4 plugins.
Preloading 0 native plugins for Editor in 0.00 ms.
Unloading 36 Unused Serialized files (Serialized files now loaded: 0)
Unloading 6766 unused Assets / (7.1 MB). Loaded Objects now: 7519.
Memory consumption went from 155.6 MB to 148.5 MB.
Total: 35.593500 ms (FindLiveObjects: 3.658200 ms CreateObjectMapping: 2.178700 ms MarkObjects: 18.647300 ms  DeleteObjects: 11.103400 ms)

Prepare: number of updated asset objects reloaded= 0
========================================================================
Received Import Request.
  Time since last request: 151.309855 seconds.
  path: Assets/Script/Enemy/Enemy.cs
  artifactKey: Guid(5668f180b1016f74a87e25f26d4218f9) Importer(815301076,1909f56bfc062723c751e8b465ee728b)
Start importing Assets/Script/Enemy/Enemy.cs using Guid(5668f180b1016f74a87e25f26d4218f9) Importer(815301076,1909f56bfc062723c751e8b465ee728b) (PreviewImporter) -> (artifact id: '204fa9fc2b101233d6840b97b910a39f') in 0.1285499 seconds
Number of updated asset objects reloaded before import = 0Number of asset objects unloaded after import = 0

========================================================================
Received Prepare
Refreshing native plugins compatible for Editor in 6.13 ms, found 4 plugins.
Preloading 0 native plugins for Editor in 0.00 ms.
Unloading 36 Unused Serialized files (Serialized files now loaded: 0)
Unloading 6755 unused Assets / (6.3 MB). Loaded Objects now: 7519.
Memory consumption went from 152.7 MB to 146.4 MB.
Total: 258.182600 ms (FindLiveObjects: 10.172800 ms CreateObjectMapping: 2.200500 ms MarkObjects: 211.825600 ms  DeleteObjects: 33.976800 ms)

Prepare: number of updated asset objects reloaded= 0
========================================================================
Received Import Request.
  Time since last request: 765.752719 seconds.
  path: Assets/Script/Enemy/Enemy.cs
  artifactKey: Guid(5668f180b1016f74a87e25f26d4218f9) Importer(815301076,1909f56bfc062723c751e8b465ee728b)
Start importing Assets/Script/Enemy/Enemy.cs using Guid(5668f180b1016f74a87e25f26d4218f9) Importer(815301076,1909f56bfc062723c751e8b465ee728b) (PreviewImporter) -> (artifact id: 'a245ced793151f8f4097db09ff786df0') in 0.2904239 seconds
Number of updated asset objects reloaded before import = 0Number of asset objects unloaded after import = 0

========================================================================
Received Prepare
Refreshing native plugins compatible for Editor in 6.19 ms, found 4 plugins.
Preloading 0 native plugins for Editor in 0.00 ms.
Unloading 36 Unused Serialized files (Serialized files now loaded: 0)
Unloading 6755 unused Assets / (6.9 MB). Loaded Objects now: 7519.
Memory consumption went from 152.7 MB to 145.8 MB.
Total: 30.186200 ms (FindLiveObjects: 1.561600 ms CreateObjectMapping: 1.762100 ms MarkObjects: 17.005800 ms  DeleteObjects: 9.853800 ms)

Prepare: number of updated asset objects reloaded= 0
========================================================================
Received Prepare
Begin MonoManager ReloadAssembly
[Licensing::Client] Successfully resolved entitlement details
- Loaded All Assemblies, in  9.624 seconds
Refreshing native plugins compatible for Editor in 2.02 ms, found 4 plugins.
Native extension for Android target not found
Native extension for WindowsStandalone target not found
Native extension for WebGL target not found
[Package Manager] Failed to launch server process. Reason: Unity was launched with the -noUpm command-line argument
[Package Manager] Unable to send message (not connected to server process).
[Package Manager] Cannot connect to Unity Package Manager local server
Mono: successfully reloaded assembly
- Finished resetting the current domain, in  1.054 seconds
Domain Reload Profiling: 10698ms
	BeginReloadAssembly (3508ms)
		ExecutionOrderSort (1ms)
		DisableScriptedObjects (445ms)
		BackupInstance (0ms)
		ReleaseScriptingObjects (4ms)
		CreateAndSetChildDomain (987ms)
	RebuildCommonClasses (84ms)
	RebuildNativeTypeToScriptingClass (18ms)
	initialDomainReloadingComplete (63ms)
	LoadAllAssembliesAndSetupDomain (5970ms)
		LoadAssemblies (6322ms)
		RebuildTransferFunctionScriptingTraits (0ms)
		AnalyzeDomain (713ms)
			TypeCache.Refresh (41ms)
				TypeCache.ScanAssembly (1ms)
			BuildScriptInfoCaches (614ms)
			ResolveRequiredComponents (20ms)
	FinalizeReload (1055ms)
		ReleaseScriptCaches (0ms)
		RebuildScriptCaches (0ms)
		SetupLoadedEditorAssemblies (843ms)
			LogAssemblyErrors (0ms)
			InitializePlatformSupportModulesInManaged (16ms)
			SetLoadedEditorAssemblies (8ms)
			BeforeProcessingInitializeOnLoad (179ms)
			ProcessInitializeOnLoadAttributes (571ms)
			ProcessInitializeOnLoadMethodAttributes (67ms)
			AfterProcessingInitializeOnLoad (2ms)
			EditorAssembliesLoaded (0ms)
		ExecutionOrderSort2 (0ms)
		AwakeInstancesAfterBackupRestoration (18ms)
Refreshing native plugins compatible for Editor in 4.98 ms, found 4 plugins.
Preloading 0 native plugins for Editor in 0.00 ms.
Unloading 36 Unused Serialized files (Serialized files now loaded: 0)
Unloading 6766 unused Assets / (6.2 MB). Loaded Objects now: 7521.
Memory consumption went from 154.0 MB to 147.9 MB.
Total: 204.819300 ms (FindLiveObjects: 2.356400 ms CreateObjectMapping: 1.966600 ms MarkObjects: 192.874400 ms  DeleteObjects: 7.617100 ms)

Prepare: number of updated asset objects reloaded= 0
========================================================================
Received Import Request.
  Time since last request: 145.774444 seconds.
  path: Assets/Script/Enemy/Enemy.cs
  artifactKey: Guid(5668f180b1016f74a87e25f26d4218f9) Importer(815301076,1909f56bfc062723c751e8b465ee728b)
Start importing Assets/Script/Enemy/Enemy.cs using Guid(5668f180b1016f74a87e25f26d4218f9) Importer(815301076,1909f56bfc062723c751e8b465ee728b) (PreviewImporter) -> (artifact id: '362d1d1cf06ffa7bb7e952ab2d994353') in 0.0943784 seconds
Number of updated asset objects reloaded before import = 0Number of asset objects unloaded after import = 0

========================================================================
Received Import Request.
  Time since last request: 40.223904 seconds.
  path: ProjectSettings/TagManager.asset
  artifactKey: Guid(00000000000000003000000000000000) Importer(815301076,1909f56bfc062723c751e8b465ee728b)
Start importing ProjectSettings/TagManager.asset using Guid(00000000000000003000000000000000) Importer(815301076,1909f56bfc062723c751e8b465ee728b) (PreviewImporter) -> (artifact id: 'dec8668c47d05f272e2a14ab8dbe11dc') in 0.0758294 seconds
Number of updated asset objects reloaded before import = 0Number of asset objects unloaded after import = 0

========================================================================
Received Import Request.
  Time since last request: 26.635111 seconds.
  path: Packages/com.unity.render-pipelines.universal/Runtime/Materials/Sprite-Lit-Default.mat
  artifactKey: Guid(a97c105638bdf8b4a8650670310a4cd3) Importer(815301076,1909f56bfc062723c751e8b465ee728b)
Start importing Packages/com.unity.render-pipelines.universal/Runtime/Materials/Sprite-Lit-Default.mat using Guid(a97c105638bdf8b4a8650670310a4cd3) Importer(815301076,1909f56bfc062723c751e8b465ee728b) (PreviewImporter) -> (artifact id: '495a06624ad8b56e29c5be8bbcd50327') in 1.3574753 seconds
Number of updated asset objects reloaded before import = 0Number of asset objects unloaded after import = 0

========================================================================
Received Prepare
Begin MonoManager ReloadAssembly
[Licensing::Client] Successfully resolved entitlement details
- Loaded All Assemblies, in 11.188 seconds
Refreshing native plugins compatible for Editor in 376.29 ms, found 4 plugins.
Native extension for Android target not found
Native extension for WindowsStandalone target not found
Native extension for WebGL target not found
[Package Manager] Failed to launch server process. Reason: Unity was launched with the -noUpm command-line argument
[Package Manager] Unable to send message (not connected to server process).
[Package Manager] Cannot connect to Unity Package Manager local server
Mono: successfully reloaded assembly
- Finished resetting the current domain, in  2.331 seconds
Domain Reload Profiling: 13537ms
	BeginReloadAssembly (2756ms)
		ExecutionOrderSort (1ms)
		DisableScriptedObjects (199ms)
		BackupInstance (0ms)
		ReleaseScriptingObjects (4ms)
		CreateAndSetChildDomain (871ms)
	RebuildCommonClasses (137ms)
	RebuildNativeTypeToScriptingClass (19ms)
	initialDomainReloadingComplete (68ms)
	LoadAllAssembliesAndSetupDomain (8225ms)
		LoadAssemblies (7331ms)
		RebuildTransferFunctionScriptingTraits (0ms)
		AnalyzeDomain (2171ms)
			TypeCache.Refresh (46ms)
				TypeCache.ScanAssembly (0ms)
			BuildScriptInfoCaches (2077ms)
			ResolveRequiredComponents (25ms)
	FinalizeReload (2332ms)
		ReleaseScriptCaches (0ms)
		RebuildScriptCaches (0ms)
		SetupLoadedEditorAssemblies (1907ms)
			LogAssemblyErrors (0ms)
			InitializePlatformSupportModulesInManaged (84ms)
			SetLoadedEditorAssemblies (20ms)
			BeforeProcessingInitializeOnLoad (359ms)
			ProcessInitializeOnLoadAttributes (1269ms)
			ProcessInitializeOnLoadMethodAttributes (170ms)
			AfterProcessingInitializeOnLoad (2ms)
			EditorAssembliesLoaded (3ms)
		ExecutionOrderSort2 (0ms)
		AwakeInstancesAfterBackupRestoration (28ms)
Refreshing native plugins compatible for Editor in 5.64 ms, found 4 plugins.
Preloading 0 native plugins for Editor in 0.00 ms.
Unloading 36 Unused Serialized files (Serialized files now loaded: 0)
Unloading 6767 unused Assets / (6.7 MB). Loaded Objects now: 7578.
Memory consumption went from 154.6 MB to 147.9 MB.
Total: 151.422900 ms (FindLiveObjects: 3.664100 ms CreateObjectMapping: 3.443000 ms MarkObjects: 131.389700 ms  DeleteObjects: 12.918900 ms)

Prepare: number of updated asset objects reloaded= 0
========================================================================
Received Prepare
Begin MonoManager ReloadAssembly
[Licensing::Client] Successfully resolved entitlement details
- Loaded All Assemblies, in 13.885 seconds
Refreshing native plugins compatible for Editor in 45.08 ms, found 4 plugins.
Native extension for Android target not found
Native extension for WindowsStandalone target not found
Native extension for WebGL target not found
[Package Manager] Failed to launch server process. Reason: Unity was launched with the -noUpm command-line argument
[Package Manager] Unable to send message (not connected to server process).
[Package Manager] Cannot connect to Unity Package Manager local server
Mono: successfully reloaded assembly
- Finished resetting the current domain, in  2.292 seconds
Domain Reload Profiling: 16198ms
	BeginReloadAssembly (3045ms)
		ExecutionOrderSort (8ms)
		DisableScriptedObjects (632ms)
		BackupInstance (0ms)
		ReleaseScriptingObjects (6ms)
		CreateAndSetChildDomain (613ms)
	RebuildCommonClasses (204ms)
	RebuildNativeTypeToScriptingClass (47ms)
	initialDomainReloadingComplete (104ms)
	LoadAllAssembliesAndSetupDomain (10504ms)
		LoadAssemblies (6860ms)
		RebuildTransferFunctionScriptingTraits (0ms)
		AnalyzeDomain (4504ms)
			TypeCache.Refresh (48ms)
				TypeCache.ScanAssembly (0ms)
			BuildScriptInfoCaches (4398ms)
			ResolveRequiredComponents (33ms)
	FinalizeReload (2294ms)
		ReleaseScriptCaches (0ms)
		RebuildScriptCaches (0ms)
		SetupLoadedEditorAssemblies (1608ms)
			LogAssemblyErrors (0ms)
			InitializePlatformSupportModulesInManaged (53ms)
			SetLoadedEditorAssemblies (15ms)
			BeforeProcessingInitializeOnLoad (321ms)
			ProcessInitializeOnLoadAttributes (1060ms)
			ProcessInitializeOnLoadMethodAttributes (152ms)
			AfterProcessingInitializeOnLoad (7ms)
			EditorAssembliesLoaded (1ms)
		ExecutionOrderSort2 (0ms)
		AwakeInstancesAfterBackupRestoration (36ms)
Refreshing native plugins compatible for Editor in 4.26 ms, found 4 plugins.
Preloading 0 native plugins for Editor in 0.00 ms.
Unloading 36 Unused Serialized files (Serialized files now loaded: 0)
Unloading 6766 unused Assets / (6.7 MB). Loaded Objects now: 7580.
Memory consumption went from 155.9 MB to 149.2 MB.
Total: 117.859700 ms (FindLiveObjects: 3.402200 ms CreateObjectMapping: 1.364900 ms MarkObjects: 103.223400 ms  DeleteObjects: 9.862800 ms)

Prepare: number of updated asset objects reloaded= 0
========================================================================
Received Import Request.
  Time since last request: 433.632460 seconds.
  path: Assets/Asset/Enemy
  artifactKey: Guid(1e768da3fc80c0d43b07930e888ad8ce) Importer(815301076,1909f56bfc062723c751e8b465ee728b)
Start importing Assets/Asset/Enemy using Guid(1e768da3fc80c0d43b07930e888ad8ce) Importer(815301076,1909f56bfc062723c751e8b465ee728b) (PreviewImporter) -> (artifact id: 'cb9f6c019953968a157dc0534dbf52e6') in 0.1470216 seconds
Number of updated asset objects reloaded before import = 0Number of asset objects unloaded after import = 0

========================================================================
Received Prepare
Refreshing native plugins compatible for Editor in 515.63 ms, found 4 plugins.
Preloading 0 native plugins for Editor in 0.00 ms.
Unloading 36 Unused Serialized files (Serialized files now loaded: 0)
Unloading 6755 unused Assets / (4.6 MB). Loaded Objects now: 7580.
Memory consumption went from 154.6 MB to 150.0 MB.
Total: 888.343400 ms (FindLiveObjects: 73.223900 ms CreateObjectMapping: 9.883400 ms MarkObjects: 780.941500 ms  DeleteObjects: 24.279500 ms)

Prepare: number of updated asset objects reloaded= 0
========================================================================
Received Prepare
Begin MonoManager ReloadAssembly
[Licensing::Client] Successfully resolved entitlement details
- Loaded All Assemblies, in 17.717 seconds
Refreshing native plugins compatible for Editor in 365.16 ms, found 4 plugins.
Native extension for Android target not found
Native extension for WindowsStandalone target not found
Native extension for WebGL target not found
[Package Manager] Failed to launch server process. Reason: Unity was launched with the -noUpm command-line argument
[Package Manager] Unable to send message (not connected to server process).
[Package Manager] Cannot connect to Unity Package Manager local server
Mono: successfully reloaded assembly
- Finished resetting the current domain, in  2.641 seconds
Domain Reload Profiling: 20372ms
	BeginReloadAssembly (4406ms)
		ExecutionOrderSort (1ms)
		DisableScriptedObjects (191ms)
		BackupInstance (0ms)
		ReleaseScriptingObjects (2ms)
		CreateAndSetChildDomain (462ms)
	RebuildCommonClasses (1159ms)
	RebuildNativeTypeToScriptingClass (601ms)
	initialDomainReloadingComplete (653ms)
	LoadAllAssembliesAndSetupDomain (10911ms)
		LoadAssemblies (11654ms)
		RebuildTransferFunctionScriptingTraits (0ms)
		AnalyzeDomain (2212ms)
			TypeCache.Refresh (153ms)
				TypeCache.ScanAssembly (3ms)
			BuildScriptInfoCaches (2009ms)
			ResolveRequiredComponents (30ms)
	FinalizeReload (2642ms)
		ReleaseScriptCaches (0ms)
		RebuildScriptCaches (0ms)
		SetupLoadedEditorAssemblies (2040ms)
			LogAssemblyErrors (0ms)
			InitializePlatformSupportModulesInManaged (96ms)
			SetLoadedEditorAssemblies (22ms)
			BeforeProcessingInitializeOnLoad (316ms)
			ProcessInitializeOnLoadAttributes (1411ms)
			ProcessInitializeOnLoadMethodAttributes (189ms)
			AfterProcessingInitializeOnLoad (5ms)
			EditorAssembliesLoaded (1ms)
		ExecutionOrderSort2 (0ms)
		AwakeInstancesAfterBackupRestoration (54ms)
Refreshing native plugins compatible for Editor in 30.79 ms, found 4 plugins.
Preloading 0 native plugins for Editor in 0.00 ms.
Unloading 36 Unused Serialized files (Serialized files now loaded: 0)
Unloading 6766 unused Assets / (8.7 MB). Loaded Objects now: 7582.
Memory consumption went from 155.9 MB to 147.2 MB.
Total: 209.646700 ms (FindLiveObjects: 4.488700 ms CreateObjectMapping: 2.088000 ms MarkObjects: 149.645300 ms  DeleteObjects: 24.141700 ms)

Prepare: number of updated asset objects reloaded= 0
========================================================================
Received Import Request.
  Time since last request: 532.072419 seconds.
  path: Assets/Asset/Enemy/Skeleton/Animation/Hurt.anim
  artifactKey: Guid(0ef1152c721461d4e84c7dffb39ce5cd) Importer(815301076,1909f56bfc062723c751e8b465ee728b)
Start importing Assets/Asset/Enemy/Skeleton/Animation/Hurt.anim using Guid(0ef1152c721461d4e84c7dffb39ce5cd) Importer(815301076,1909f56bfc062723c751e8b465ee728b) (PreviewImporter) -> (artifact id: '0ab0ff875f0122ca34b3c7d17bc07ddf') in 0.5733264 seconds
Number of updated asset objects reloaded before import = 0Number of asset objects unloaded after import = 1

========================================================================
Received Prepare
Begin MonoManager ReloadAssembly
[Licensing::Client] Successfully resolved entitlement details
- Loaded All Assemblies, in 14.256 seconds
Refreshing native plugins compatible for Editor in 317.20 ms, found 4 plugins.
Native extension for Android target not found
Native extension for WindowsStandalone target not found
Native extension for WebGL target not found
[Package Manager] Failed to launch server process. Reason: Unity was launched with the -noUpm command-line argument
[Package Manager] Unable to send message (not connected to server process).
[Package Manager] Cannot connect to Unity Package Manager local server
Mono: successfully reloaded assembly
- Finished resetting the current domain, in  2.650 seconds
Domain Reload Profiling: 16915ms
	BeginReloadAssembly (3042ms)
		ExecutionOrderSort (0ms)
		DisableScriptedObjects (353ms)
		BackupInstance (0ms)
		ReleaseScriptingObjects (4ms)
		CreateAndSetChildDomain (562ms)
	RebuildCommonClasses (658ms)
	RebuildNativeTypeToScriptingClass (67ms)
	initialDomainReloadingComplete (160ms)
	LoadAllAssembliesAndSetupDomain (10338ms)
		LoadAssemblies (7873ms)
		RebuildTransferFunctionScriptingTraits (0ms)
		AnalyzeDomain (3651ms)
			TypeCache.Refresh (49ms)
				TypeCache.ScanAssembly (0ms)
			BuildScriptInfoCaches (3553ms)
			ResolveRequiredComponents (28ms)
	FinalizeReload (2651ms)
		ReleaseScriptCaches (0ms)
		RebuildScriptCaches (0ms)
		SetupLoadedEditorAssemblies (2085ms)
			LogAssemblyErrors (0ms)
			InitializePlatformSupportModulesInManaged (137ms)
			SetLoadedEditorAssemblies (31ms)
			BeforeProcessingInitializeOnLoad (314ms)
			ProcessInitializeOnLoadAttributes (1453ms)
			ProcessInitializeOnLoadMethodAttributes (145ms)
			AfterProcessingInitializeOnLoad (5ms)
			EditorAssembliesLoaded (1ms)
		ExecutionOrderSort2 (0ms)
		AwakeInstancesAfterBackupRestoration (43ms)
Refreshing native plugins compatible for Editor in 4.84 ms, found 4 plugins.
Preloading 0 native plugins for Editor in 0.00 ms.
Unloading 36 Unused Serialized files (Serialized files now loaded: 0)
Unloading 6766 unused Assets / (3.8 MB). Loaded Objects now: 7584.
Memory consumption went from 154.5 MB to 150.7 MB.
Total: 28.899400 ms (FindLiveObjects: 3.772200 ms CreateObjectMapping: 1.919900 ms MarkObjects: 14.557100 ms  DeleteObjects: 8.645400 ms)

Prepare: number of updated asset objects reloaded= 0
========================================================================
Received Prepare
Begin MonoManager ReloadAssembly
[Licensing::Client] Successfully resolved entitlement details
- Loaded All Assemblies, in 16.273 seconds
Refreshing native plugins compatible for Editor in 450.20 ms, found 4 plugins.
Native extension for Android target not found
Native extension for WindowsStandalone target not found
Native extension for WebGL target not found
[Package Manager] Failed to launch server process. Reason: Unity was launched with the -noUpm command-line argument
[Package Manager] Unable to send message (not connected to server process).
[Package Manager] Cannot connect to Unity Package Manager local server
Mono: successfully reloaded assembly
- Finished resetting the current domain, in  3.312 seconds
Domain Reload Profiling: 19614ms
	BeginReloadAssembly (3165ms)
		ExecutionOrderSort (3ms)
		DisableScriptedObjects (490ms)
		BackupInstance (0ms)
		ReleaseScriptingObjects (4ms)
		CreateAndSetChildDomain (687ms)
	RebuildCommonClasses (314ms)
	RebuildNativeTypeToScriptingClass (62ms)
	initialDomainReloadingComplete (187ms)
	LoadAllAssembliesAndSetupDomain (12569ms)
		LoadAssemblies (9696ms)
		RebuildTransferFunctionScriptingTraits (0ms)
		AnalyzeDomain (3778ms)
			TypeCache.Refresh (32ms)
				TypeCache.ScanAssembly (0ms)
			BuildScriptInfoCaches (3623ms)
			ResolveRequiredComponents (66ms)
	FinalizeReload (3317ms)
		ReleaseScriptCaches (0ms)
		RebuildScriptCaches (0ms)
		SetupLoadedEditorAssemblies (2348ms)
			LogAssemblyErrors (0ms)
			InitializePlatformSupportModulesInManaged (54ms)
			SetLoadedEditorAssemblies (32ms)
			BeforeProcessingInitializeOnLoad (281ms)
			ProcessInitializeOnLoadAttributes (1743ms)
			ProcessInitializeOnLoadMethodAttributes (205ms)
			AfterProcessingInitializeOnLoad (5ms)
			EditorAssembliesLoaded (29ms)
		ExecutionOrderSort2 (0ms)
		AwakeInstancesAfterBackupRestoration (80ms)
Refreshing native plugins compatible for Editor in 4.33 ms, found 4 plugins.
Preloading 0 native plugins for Editor in 0.00 ms.
Unloading 36 Unused Serialized files (Serialized files now loaded: 0)
Unloading 6766 unused Assets / (6.6 MB). Loaded Objects now: 7586.
Memory consumption went from 153.1 MB to 146.5 MB.
Total: 84.073300 ms (FindLiveObjects: 3.186200 ms CreateObjectMapping: 1.359200 ms MarkObjects: 67.633300 ms  DeleteObjects: 11.886200 ms)

Prepare: number of updated asset objects reloaded= 0
========================================================================
Received Import Request.
  Time since last request: 373.013884 seconds.
  path: Assets/Asset/Enemy/Skeleton/Spites/Skeleton Dead.png
  artifactKey: Guid(06b3f6da5d6d0d945a501c132f4ca0f9) Importer(815301076,1909f56bfc062723c751e8b465ee728b)
Start importing Assets/Asset/Enemy/Skeleton/Spites/Skeleton Dead.png using Guid(06b3f6da5d6d0d945a501c132f4ca0f9) Importer(815301076,1909f56bfc062723c751e8b465ee728b) (PreviewImporter) -> (artifact id: 'c36e312b17e30b08bc38b9d749b62db8') in 0.7681924 seconds
Number of updated asset objects reloaded before import = 0Number of asset objects unloaded after import = 21

========================================================================
Received Import Request.
  Time since last request: 32.333646 seconds.
  path: Assets/Asset/Enemy/Skeleton/Spites/Skeleton Dead.png
  artifactKey: Guid(06b3f6da5d6d0d945a501c132f4ca0f9) Importer(815301076,1909f56bfc062723c751e8b465ee728b)
Start importing Assets/Asset/Enemy/Skeleton/Spites/Skeleton Dead.png using Guid(06b3f6da5d6d0d945a501c132f4ca0f9) Importer(815301076,1909f56bfc062723c751e8b465ee728b) (PreviewImporter) -> (artifact id: '2b3cd378d8d84342ac905797decc8a22') in 0.1797443 seconds
Number of updated asset objects reloaded before import = 0Number of asset objects unloaded after import = 17

========================================================================
Received Prepare
Refreshing native plugins compatible for Editor in 12.88 ms, found 4 plugins.
Preloading 0 native plugins for Editor in 0.00 ms.
Unloading 36 Unused Serialized files (Serialized files now loaded: 0)
Unloading 6755 unused Assets / (6.3 MB). Loaded Objects now: 7608.
Memory consumption went from 155.0 MB to 148.8 MB.
Total: 642.245600 ms (FindLiveObjects: 61.837700 ms CreateObjectMapping: 7.728100 ms MarkObjects: 536.187200 ms  DeleteObjects: 25.648700 ms)

Prepare: number of updated asset objects reloaded= 0
========================================================================
Received Prepare
Begin MonoManager ReloadAssembly
[Licensing::Client] Successfully resolved entitlement details
- Loaded All Assemblies, in  9.574 seconds
Refreshing native plugins compatible for Editor in 306.85 ms, found 4 plugins.
Native extension for Android target not found
Native extension for WindowsStandalone target not found
Native extension for WebGL target not found
[Package Manager] Failed to launch server process. Reason: Unity was launched with the -noUpm command-line argument
[Package Manager] Unable to send message (not connected to server process).
[Package Manager] Cannot connect to Unity Package Manager local server
Mono: successfully reloaded assembly
- Finished resetting the current domain, in  2.257 seconds
Domain Reload Profiling: 11854ms
	BeginReloadAssembly (3287ms)
		ExecutionOrderSort (2ms)
		DisableScriptedObjects (422ms)
		BackupInstance (0ms)
		ReleaseScriptingObjects (5ms)
		CreateAndSetChildDomain (1307ms)
	RebuildCommonClasses (107ms)
	RebuildNativeTypeToScriptingClass (18ms)
	initialDomainReloadingComplete (69ms)
	LoadAllAssembliesAndSetupDomain (6102ms)
		LoadAssemblies (6312ms)
		RebuildTransferFunctionScriptingTraits (0ms)
		AnalyzeDomain (661ms)
			TypeCache.Refresh (57ms)
				TypeCache.ScanAssembly (1ms)
			BuildScriptInfoCaches (532ms)
			ResolveRequiredComponents (29ms)
	FinalizeReload (2270ms)
		ReleaseScriptCaches (0ms)
		RebuildScriptCaches (0ms)
		SetupLoadedEditorAssemblies (1810ms)
			LogAssemblyErrors (0ms)
			InitializePlatformSupportModulesInManaged (65ms)
			SetLoadedEditorAssemblies (24ms)
			BeforeProcessingInitializeOnLoad (228ms)
			ProcessInitializeOnLoadAttributes (1286ms)
			ProcessInitializeOnLoadMethodAttributes (202ms)
			AfterProcessingInitializeOnLoad (4ms)
			EditorAssembliesLoaded (1ms)
		ExecutionOrderSort2 (0ms)
		AwakeInstancesAfterBackupRestoration (46ms)
Refreshing native plugins compatible for Editor in 5.05 ms, found 4 plugins.
Preloading 0 native plugins for Editor in 0.00 ms.
Unloading 36 Unused Serialized files (Serialized files now loaded: 0)
Unloading 6766 unused Assets / (7.2 MB). Loaded Objects now: 7609.
Memory consumption went from 156.1 MB to 148.9 MB.
Total: 269.795700 ms (FindLiveObjects: 3.537300 ms CreateObjectMapping: 2.077000 ms MarkObjects: 235.920900 ms  DeleteObjects: 23.907800 ms)

Prepare: number of updated asset objects reloaded= 0
========================================================================
Received Prepare
Begin MonoManager ReloadAssembly
[Licensing::Client] Successfully resolved entitlement details
- Loaded All Assemblies, in  9.401 seconds
Refreshing native plugins compatible for Editor in 68.90 ms, found 4 plugins.
Native extension for Android target not found
Native extension for WindowsStandalone target not found
Native extension for WebGL target not found
[Package Manager] Failed to launch server process. Reason: Unity was launched with the -noUpm command-line argument
[Package Manager] Unable to send message (not connected to server process).
[Package Manager] Cannot connect to Unity Package Manager local server
Mono: successfully reloaded assembly
- Finished resetting the current domain, in  1.916 seconds
Domain Reload Profiling: 11327ms
	BeginReloadAssembly (3061ms)
		ExecutionOrderSort (0ms)
		DisableScriptedObjects (305ms)
		BackupInstance (0ms)
		ReleaseScriptingObjects (3ms)
		CreateAndSetChildDomain (695ms)
	RebuildCommonClasses (154ms)
	RebuildNativeTypeToScriptingClass (36ms)
	initialDomainReloadingComplete (107ms)
	LoadAllAssembliesAndSetupDomain (6053ms)
		LoadAssemblies (4773ms)
		RebuildTransferFunctionScriptingTraits (0ms)
		AnalyzeDomain (2405ms)
			TypeCache.Refresh (68ms)
				TypeCache.ScanAssembly (0ms)
			BuildScriptInfoCaches (2291ms)
			ResolveRequiredComponents (23ms)
	FinalizeReload (1916ms)
		ReleaseScriptCaches (0ms)
		RebuildScriptCaches (0ms)
		SetupLoadedEditorAssemblies (1461ms)
			LogAssemblyErrors (0ms)
			InitializePlatformSupportModulesInManaged (26ms)
			SetLoadedEditorAssemblies (13ms)
			BeforeProcessingInitializeOnLoad (389ms)
			ProcessInitializeOnLoadAttributes (872ms)
			ProcessInitializeOnLoadMethodAttributes (156ms)
			AfterProcessingInitializeOnLoad (4ms)
			EditorAssembliesLoaded (1ms)
		ExecutionOrderSort2 (0ms)
		AwakeInstancesAfterBackupRestoration (31ms)
Refreshing native plugins compatible for Editor in 5.63 ms, found 4 plugins.
Preloading 0 native plugins for Editor in 0.00 ms.
Unloading 36 Unused Serialized files (Serialized files now loaded: 0)
Unloading 6766 unused Assets / (3.8 MB). Loaded Objects now: 7611.
Memory consumption went from 157.6 MB to 153.8 MB.
Total: 25.554400 ms (FindLiveObjects: 3.676800 ms CreateObjectMapping: 2.161600 ms MarkObjects: 13.941100 ms  DeleteObjects: 5.770300 ms)

Prepare: number of updated asset objects reloaded= 0
========================================================================
Received Import Request.
  Time since last request: 518.857496 seconds.
  path: Assets/Asset/Enemy/Skeleton/Spites/Skeleton Walk.png
  artifactKey: Guid(336e856c2c444a04d9288020bceabd23) Importer(815301076,1909f56bfc062723c751e8b465ee728b)
Start importing Assets/Asset/Enemy/Skeleton/Spites/Skeleton Walk.png using Guid(336e856c2c444a04d9288020bceabd23) Importer(815301076,1909f56bfc062723c751e8b465ee728b) (PreviewImporter) -> (artifact id: '8a345c530d88a54fd871410ac2096e3c') in 0.5614295 seconds
Number of updated asset objects reloaded before import = 0Number of asset objects unloaded after import = 15

========================================================================
Received Import Request.
  Time since last request: 499.773594 seconds.
  path: Assets/Asset/Enemy/Skeleton/Spites/Skeleton Attack.png
  artifactKey: Guid(628ec442c980389448d0b2e81ed7b6fa) Importer(815301076,1909f56bfc062723c751e8b465ee728b)
Start importing Assets/Asset/Enemy/Skeleton/Spites/Skeleton Attack.png using Guid(628ec442c980389448d0b2e81ed7b6fa) Importer(815301076,1909f56bfc062723c751e8b465ee728b) (PreviewImporter) -> (artifact id: '1e3e225292ec3d2f536e9f48901e3988') in 0.5832135 seconds
Number of updated asset objects reloaded before import = 0Number of asset objects unloaded after import = 20

========================================================================
Received Prepare
Refreshing native plugins compatible for Editor in 13.30 ms, found 4 plugins.
Preloading 0 native plugins for Editor in 0.00 ms.
Unloading 36 Unused Serialized files (Serialized files now loaded: 0)
Unloading 6755 unused Assets / (6.0 MB). Loaded Objects now: 7614.
Memory consumption went from 155.1 MB to 149.1 MB.
Total: 1025.773400 ms (FindLiveObjects: 182.547800 ms CreateObjectMapping: 6.280800 ms MarkObjects: 807.255600 ms  DeleteObjects: 29.675700 ms)

Prepare: number of updated asset objects reloaded= 0
========================================================================
Received Prepare
Begin MonoManager ReloadAssembly
[Licensing::Client] Successfully resolved entitlement details
- Loaded All Assemblies, in 29.041 seconds
Refreshing native plugins compatible for Editor in 824.45 ms, found 4 plugins.
Native extension for Android target not found
Native extension for WindowsStandalone target not found
Native extension for WebGL target not found
[Package Manager] Failed to launch server process. Reason: Unity was launched with the -noUpm command-line argument
[Package Manager] Unable to send message (not connected to server process).
[Package Manager] Cannot connect to Unity Package Manager local server
Mono: successfully reloaded assembly
- Finished resetting the current domain, in  8.922 seconds
Domain Reload Profiling: 38031ms
	BeginReloadAssembly (7110ms)
		ExecutionOrderSort (3ms)
		DisableScriptedObjects (995ms)
		BackupInstance (0ms)
		ReleaseScriptingObjects (4ms)
		CreateAndSetChildDomain (1170ms)
	RebuildCommonClasses (936ms)
	RebuildNativeTypeToScriptingClass (143ms)
	initialDomainReloadingComplete (188ms)
	LoadAllAssembliesAndSetupDomain (20717ms)
		LoadAssemblies (20194ms)
		RebuildTransferFunctionScriptingTraits (0ms)
		AnalyzeDomain (4612ms)
			TypeCache.Refresh (219ms)
				TypeCache.ScanAssembly (4ms)
			BuildScriptInfoCaches (4258ms)
			ResolveRequiredComponents (75ms)
	FinalizeReload (8937ms)
		ReleaseScriptCaches (0ms)
		RebuildScriptCaches (0ms)
		SetupLoadedEditorAssemblies (7263ms)
			LogAssemblyErrors (0ms)
			InitializePlatformSupportModulesInManaged (253ms)
			SetLoadedEditorAssemblies (43ms)
			BeforeProcessingInitializeOnLoad (1615ms)
			ProcessInitializeOnLoadAttributes (4898ms)
			ProcessInitializeOnLoadMethodAttributes (436ms)
			AfterProcessingInitializeOnLoad (9ms)
			EditorAssembliesLoaded (8ms)
		ExecutionOrderSort2 (0ms)
		AwakeInstancesAfterBackupRestoration (166ms)
Refreshing native plugins compatible for Editor in 9.57 ms, found 4 plugins.
Preloading 0 native plugins for Editor in 0.00 ms.
Unloading 36 Unused Serialized files (Serialized files now loaded: 0)
Unloading 6766 unused Assets / (5.2 MB). Loaded Objects now: 7615.
Memory consumption went from 156.2 MB to 150.9 MB.
Total: 784.641500 ms (FindLiveObjects: 42.779900 ms CreateObjectMapping: 2.123700 ms MarkObjects: 722.174800 ms  DeleteObjects: 16.491400 ms)

Prepare: number of updated asset objects reloaded= 0
========================================================================
Received Prepare
Begin MonoManager ReloadAssembly
[Licensing::Client] Successfully resolved entitlement details
- Loaded All Assemblies, in 10.192 seconds
Refreshing native plugins compatible for Editor in 3.93 ms, found 4 plugins.
Native extension for Android target not found
Native extension for WindowsStandalone target not found
Native extension for WebGL target not found
[Package Manager] Failed to launch server process. Reason: Unity was launched with the -noUpm command-line argument
[Package Manager] Unable to send message (not connected to server process).
[Package Manager] Cannot connect to Unity Package Manager local server
Mono: successfully reloaded assembly
- Finished resetting the current domain, in  1.369 seconds
Domain Reload Profiling: 11565ms
	BeginReloadAssembly (1946ms)
		ExecutionOrderSort (0ms)
		DisableScriptedObjects (67ms)
		BackupInstance (0ms)
		ReleaseScriptingObjects (2ms)
		CreateAndSetChildDomain (300ms)
	RebuildCommonClasses (187ms)
	RebuildNativeTypeToScriptingClass (65ms)
	initialDomainReloadingComplete (93ms)
	LoadAllAssembliesAndSetupDomain (7904ms)
		LoadAssemblies (8384ms)
		RebuildTransferFunctionScriptingTraits (0ms)
		AnalyzeDomain (556ms)
			TypeCache.Refresh (27ms)
				TypeCache.ScanAssembly (0ms)
			BuildScriptInfoCaches (501ms)
			ResolveRequiredComponents (20ms)
	FinalizeReload (1370ms)
		ReleaseScriptCaches (0ms)
		RebuildScriptCaches (0ms)
		SetupLoadedEditorAssemblies (997ms)
			LogAssemblyErrors (0ms)
			InitializePlatformSupportModulesInManaged (17ms)
			SetLoadedEditorAssemblies (7ms)
			BeforeProcessingInitializeOnLoad (231ms)
			ProcessInitializeOnLoadAttributes (575ms)
			ProcessInitializeOnLoadMethodAttributes (164ms)
			AfterProcessingInitializeOnLoad (2ms)
			EditorAssembliesLoaded (0ms)
		ExecutionOrderSort2 (0ms)
		AwakeInstancesAfterBackupRestoration (55ms)
Refreshing native plugins compatible for Editor in 6.32 ms, found 4 plugins.
Preloading 0 native plugins for Editor in 0.00 ms.
Unloading 36 Unused Serialized files (Serialized files now loaded: 0)
Unloading 6766 unused Assets / (6.6 MB). Loaded Objects now: 7617.
Memory consumption went from 157.7 MB to 151.1 MB.
Total: 29.257600 ms (FindLiveObjects: 3.178400 ms CreateObjectMapping: 1.869300 ms MarkObjects: 13.687400 ms  DeleteObjects: 10.496900 ms)

Prepare: number of updated asset objects reloaded= 0
========================================================================
Received Import Request.
  Time since last request: 657.479089 seconds.
  path: Assets/Asset/Player/Assassin/Animations/Player_Assassin.controller
  artifactKey: Guid(03ca1a76926b4f04490859c0153ddc3f) Importer(815301076,1909f56bfc062723c751e8b465ee728b)
Start importing Assets/Asset/Player/Assassin/Animations/Player_Assassin.controller using Guid(03ca1a76926b4f04490859c0153ddc3f) Importer(815301076,1909f56bfc062723c751e8b465ee728b) (PreviewImporter) -> (artifact id: '2b8802c0b50ea09b4ae4017ccf8e7ed9') in 0.4262457 seconds
Number of updated asset objects reloaded before import = 0Number of asset objects unloaded after import = 43

========================================================================
Received Prepare
Begin MonoManager ReloadAssembly
[Licensing::Client] Successfully resolved entitlement details
- Loaded All Assemblies, in  8.310 seconds
Refreshing native plugins compatible for Editor in 44.40 ms, found 4 plugins.
Native extension for Android target not found
Native extension for WindowsStandalone target not found
Native extension for WebGL target not found
[Package Manager] Failed to launch server process. Reason: Unity was launched with the -noUpm command-line argument
[Package Manager] Unable to send message (not connected to server process).
[Package Manager] Cannot connect to Unity Package Manager local server
Mono: successfully reloaded assembly
- Finished resetting the current domain, in  2.425 seconds
Domain Reload Profiling: 10768ms
	BeginReloadAssembly (703ms)
		ExecutionOrderSort (0ms)
		DisableScriptedObjects (59ms)
		BackupInstance (0ms)
		ReleaseScriptingObjects (1ms)
		CreateAndSetChildDomain (210ms)
	RebuildCommonClasses (169ms)
	RebuildNativeTypeToScriptingClass (19ms)
	initialDomainReloadingComplete (47ms)
	LoadAllAssembliesAndSetupDomain (7404ms)
		LoadAssemblies (6851ms)
		RebuildTransferFunctionScriptingTraits (0ms)
		AnalyzeDomain (762ms)
			TypeCache.Refresh (44ms)
				TypeCache.ScanAssembly (0ms)
			BuildScriptInfoCaches (646ms)
			ResolveRequiredComponents (28ms)
	FinalizeReload (2427ms)
		ReleaseScriptCaches (0ms)
		RebuildScriptCaches (0ms)
		SetupLoadedEditorAssemblies (2008ms)
			LogAssemblyErrors (0ms)
			InitializePlatformSupportModulesInManaged (42ms)
			SetLoadedEditorAssemblies (38ms)
			BeforeProcessingInitializeOnLoad (231ms)
			ProcessInitializeOnLoadAttributes (1455ms)
			ProcessInitializeOnLoadMethodAttributes (232ms)
			AfterProcessingInitializeOnLoad (8ms)
			EditorAssembliesLoaded (2ms)
		ExecutionOrderSort2 (0ms)
		AwakeInstancesAfterBackupRestoration (34ms)
Refreshing native plugins compatible for Editor in 9.80 ms, found 4 plugins.
Preloading 0 native plugins for Editor in 0.00 ms.
Unloading 36 Unused Serialized files (Serialized files now loaded: 0)
Unloading 6766 unused Assets / (3.8 MB). Loaded Objects now: 7619.
Memory consumption went from 154.9 MB to 151.0 MB.
Total: 30.695300 ms (FindLiveObjects: 4.928500 ms CreateObjectMapping: 1.592000 ms MarkObjects: 16.064600 ms  DeleteObjects: 8.103600 ms)

Prepare: number of updated asset objects reloaded= 0
========================================================================
Received Prepare
Begin MonoManager ReloadAssembly
[Licensing::Client] Successfully resolved entitlement details
- Loaded All Assemblies, in  9.424 seconds
Refreshing native plugins compatible for Editor in 57.49 ms, found 4 plugins.
Native extension for Android target not found
Native extension for WindowsStandalone target not found
Native extension for WebGL target not found
[Package Manager] Failed to launch server process. Reason: Unity was launched with the -noUpm command-line argument
[Package Manager] Unable to send message (not connected to server process).
[Package Manager] Cannot connect to Unity Package Manager local server
Mono: successfully reloaded assembly
- Finished resetting the current domain, in  1.720 seconds
Domain Reload Profiling: 11163ms
	BeginReloadAssembly (1718ms)
		ExecutionOrderSort (0ms)
		DisableScriptedObjects (224ms)
		BackupInstance (0ms)
		ReleaseScriptingObjects (2ms)
		CreateAndSetChildDomain (264ms)
	RebuildCommonClasses (262ms)
	RebuildNativeTypeToScriptingClass (27ms)
	initialDomainReloadingComplete (63ms)
	LoadAllAssembliesAndSetupDomain (7371ms)
		LoadAssemblies (7264ms)
		RebuildTransferFunctionScriptingTraits (0ms)
		AnalyzeDomain (710ms)
			TypeCache.Refresh (42ms)
				TypeCache.ScanAssembly (0ms)
			BuildScriptInfoCaches (616ms)
			ResolveRequiredComponents (33ms)
	FinalizeReload (1721ms)
		ReleaseScriptCaches (0ms)
		RebuildScriptCaches (0ms)
		SetupLoadedEditorAssemblies (1299ms)
			LogAssemblyErrors (0ms)
			InitializePlatformSupportModulesInManaged (19ms)
			SetLoadedEditorAssemblies (11ms)
			BeforeProcessingInitializeOnLoad (253ms)
			ProcessInitializeOnLoadAttributes (880ms)
			ProcessInitializeOnLoadMethodAttributes (131ms)
			AfterProcessingInitializeOnLoad (4ms)
			EditorAssembliesLoaded (1ms)
		ExecutionOrderSort2 (0ms)
		AwakeInstancesAfterBackupRestoration (26ms)
Refreshing native plugins compatible for Editor in 7.52 ms, found 4 plugins.
Preloading 0 native plugins for Editor in 0.00 ms.
Unloading 36 Unused Serialized files (Serialized files now loaded: 0)
Unloading 6766 unused Assets / (8.3 MB). Loaded Objects now: 7621.
Memory consumption went from 156.3 MB to 148.0 MB.
Total: 40.130300 ms (FindLiveObjects: 4.582700 ms CreateObjectMapping: 1.685600 ms MarkObjects: 18.568600 ms  DeleteObjects: 15.285700 ms)

Prepare: number of updated asset objects reloaded= 0
========================================================================
Received Prepare
Begin MonoManager ReloadAssembly
[Licensing::Client] Successfully resolved entitlement details
- Loaded All Assemblies, in 10.319 seconds
Refreshing native plugins compatible for Editor in 192.44 ms, found 4 plugins.
Native extension for Android target not found
Native extension for WindowsStandalone target not found
Native extension for WebGL target not found
[Package Manager] Failed to launch server process. Reason: Unity was launched with the -noUpm command-line argument
[Package Manager] Unable to send message (not connected to server process).
[Package Manager] Cannot connect to Unity Package Manager local server
Mono: successfully reloaded assembly
- Finished resetting the current domain, in  2.302 seconds
Domain Reload Profiling: 12631ms
	BeginReloadAssembly (2370ms)
		ExecutionOrderSort (0ms)
		DisableScriptedObjects (199ms)
		BackupInstance (0ms)
		ReleaseScriptingObjects (2ms)
		CreateAndSetChildDomain (515ms)
	RebuildCommonClasses (273ms)
	RebuildNativeTypeToScriptingClass (53ms)
	initialDomainReloadingComplete (175ms)
	LoadAllAssembliesAndSetupDomain (7458ms)
		LoadAssemblies (7338ms)
		RebuildTransferFunctionScriptingTraits (0ms)
		AnalyzeDomain (1181ms)
			TypeCache.Refresh (72ms)
				TypeCache.ScanAssembly (0ms)
			BuildScriptInfoCaches (1047ms)
			ResolveRequiredComponents (40ms)
	FinalizeReload (2303ms)
		ReleaseScriptCaches (0ms)
		RebuildScriptCaches (0ms)
		SetupLoadedEditorAssemblies (1632ms)
			LogAssemblyErrors (0ms)
			InitializePlatformSupportModulesInManaged (34ms)
			SetLoadedEditorAssemblies (18ms)
			BeforeProcessingInitializeOnLoad (229ms)
			ProcessInitializeOnLoadAttributes (1171ms)
			ProcessInitializeOnLoadMethodAttributes (172ms)
			AfterProcessingInitializeOnLoad (7ms)
			EditorAssembliesLoaded (1ms)
		ExecutionOrderSort2 (0ms)
		AwakeInstancesAfterBackupRestoration (53ms)
Refreshing native plugins compatible for Editor in 7.26 ms, found 4 plugins.
Preloading 0 native plugins for Editor in 0.00 ms.
Unloading 36 Unused Serialized files (Serialized files now loaded: 0)
Unloading 6766 unused Assets / (8.2 MB). Loaded Objects now: 7623.
Memory consumption went from 157.8 MB to 149.6 MB.
Total: 32.497700 ms (FindLiveObjects: 3.703700 ms CreateObjectMapping: 2.582500 ms MarkObjects: 13.592400 ms  DeleteObjects: 12.614300 ms)

Prepare: number of updated asset objects reloaded= 0
========================================================================
Received Prepare
Begin MonoManager ReloadAssembly
[Licensing::Client] Successfully resolved entitlement details
- Loaded All Assemblies, in 17.537 seconds
Refreshing native plugins compatible for Editor in 703.40 ms, found 4 plugins.
Native extension for Android target not found
Native extension for WindowsStandalone target not found
Native extension for WebGL target not found
[Package Manager] Failed to launch server process. Reason: Unity was launched with the -noUpm command-line argument
[Package Manager] Unable to send message (not connected to server process).
[Package Manager] Cannot connect to Unity Package Manager local server
Mono: successfully reloaded assembly
- Finished resetting the current domain, in  2.880 seconds
Domain Reload Profiling: 20440ms
	BeginReloadAssembly (5198ms)
		ExecutionOrderSort (3ms)
		DisableScriptedObjects (275ms)
		BackupInstance (0ms)
		ReleaseScriptingObjects (5ms)
		CreateAndSetChildDomain (1108ms)
	RebuildCommonClasses (538ms)
	RebuildNativeTypeToScriptingClass (118ms)
	initialDomainReloadingComplete (794ms)
	LoadAllAssembliesAndSetupDomain (10909ms)
		LoadAssemblies (10522ms)
		RebuildTransferFunctionScriptingTraits (0ms)
		AnalyzeDomain (3184ms)
			TypeCache.Refresh (69ms)
				TypeCache.ScanAssembly (0ms)
			BuildScriptInfoCaches (3064ms)
			ResolveRequiredComponents (22ms)
	FinalizeReload (2883ms)
		ReleaseScriptCaches (0ms)
		RebuildScriptCaches (0ms)
		SetupLoadedEditorAssemblies (2124ms)
			LogAssemblyErrors (0ms)
			InitializePlatformSupportModulesInManaged (141ms)
			SetLoadedEditorAssemblies (34ms)
			BeforeProcessingInitializeOnLoad (299ms)
			ProcessInitializeOnLoadAttributes (1454ms)
			ProcessInitializeOnLoadMethodAttributes (187ms)
			AfterProcessingInitializeOnLoad (6ms)
			EditorAssembliesLoaded (3ms)
		ExecutionOrderSort2 (0ms)
		AwakeInstancesAfterBackupRestoration (76ms)
Refreshing native plugins compatible for Editor in 7.58 ms, found 4 plugins.
Preloading 0 native plugins for Editor in 0.00 ms.
Unloading 36 Unused Serialized files (Serialized files now loaded: 0)
Unloading 6766 unused Assets / (8.3 MB). Loaded Objects now: 7625.
Memory consumption went from 159.2 MB to 150.9 MB.
Total: 143.005600 ms (FindLiveObjects: 5.319300 ms CreateObjectMapping: 1.276500 ms MarkObjects: 118.575900 ms  DeleteObjects: 17.821000 ms)

Prepare: number of updated asset objects reloaded= 0
========================================================================
Received Prepare
Refreshing native plugins compatible for Editor in 19.04 ms, found 4 plugins.
Preloading 0 native plugins for Editor in 0.00 ms.
Unloading 36 Unused Serialized files (Serialized files now loaded: 0)
Unloading 6755 unused Assets / (7.4 MB). Loaded Objects now: 7625.
Memory consumption went from 160.8 MB to 153.4 MB.
Total: 452.527900 ms (FindLiveObjects: 10.819900 ms CreateObjectMapping: 3.671700 ms MarkObjects: 412.241000 ms  DeleteObjects: 25.785300 ms)

Prepare: number of updated asset objects reloaded= 0
========================================================================
Received Prepare
Begin MonoManager ReloadAssembly
[Licensing::Client] Successfully resolved entitlement details
- Loaded All Assemblies, in 46.132 seconds
Refreshing native plugins compatible for Editor in 478.11 ms, found 4 plugins.
Native extension for Android target not found
Native extension for WindowsStandalone target not found
Native extension for WebGL target not found
[Package Manager] Failed to launch server process. Reason: Unity was launched with the -noUpm command-line argument
[Package Manager] Unable to send message (not connected to server process).
[Package Manager] Cannot connect to Unity Package Manager local server
Mono: successfully reloaded assembly
- Finished resetting the current domain, in  5.453 seconds
Domain Reload Profiling: 51812ms
	BeginReloadAssembly (2175ms)
		ExecutionOrderSort (1ms)
		DisableScriptedObjects (95ms)
		BackupInstance (0ms)
		ReleaseScriptingObjects (1ms)
		CreateAndSetChildDomain (273ms)
	RebuildCommonClasses (99ms)
	RebuildNativeTypeToScriptingClass (15ms)
	initialDomainReloadingComplete (704ms)
	LoadAllAssembliesAndSetupDomain (43326ms)
		LoadAssemblies (24933ms)
		RebuildTransferFunctionScriptingTraits (0ms)
		AnalyzeDomain (18775ms)
			TypeCache.Refresh (445ms)
				TypeCache.ScanAssembly (43ms)
			BuildScriptInfoCaches (17723ms)
			ResolveRequiredComponents (416ms)
	FinalizeReload (5493ms)
		ReleaseScriptCaches (0ms)
		RebuildScriptCaches (0ms)
		SetupLoadedEditorAssemblies (4152ms)
			LogAssemblyErrors (0ms)
			InitializePlatformSupportModulesInManaged (173ms)
			SetLoadedEditorAssemblies (44ms)
			BeforeProcessingInitializeOnLoad (1068ms)
			ProcessInitializeOnLoadAttributes (2572ms)
			ProcessInitializeOnLoadMethodAttributes (287ms)
			AfterProcessingInitializeOnLoad (4ms)
			EditorAssembliesLoaded (3ms)
		ExecutionOrderSort2 (0ms)
		AwakeInstancesAfterBackupRestoration (101ms)
Refreshing native plugins compatible for Editor in 4.76 ms, found 4 plugins.
Preloading 0 native plugins for Editor in 0.00 ms.
Unloading 36 Unused Serialized files (Serialized files now loaded: 0)
Unloading 6766 unused Assets / (6.5 MB). Loaded Objects now: 7627.
Memory consumption went from 153.6 MB to 147.2 MB.
Total: 559.001000 ms (FindLiveObjects: 13.042700 ms CreateObjectMapping: 1.482500 ms MarkObjects: 529.179100 ms  DeleteObjects: 14.549000 ms)

Prepare: number of updated asset objects reloaded= 0
========================================================================
Received Prepare
Begin MonoManager ReloadAssembly
[Licensing::Client] Successfully resolved entitlement details
- Loaded All Assemblies, in  8.389 seconds
Refreshing native plugins compatible for Editor in 47.69 ms, found 4 plugins.
Native extension for Android target not found
Native extension for WindowsStandalone target not found
Native extension for WebGL target not found
[Package Manager] Failed to launch server process. Reason: Unity was launched with the -noUpm command-line argument
[Package Manager] Unable to send message (not connected to server process).
[Package Manager] Cannot connect to Unity Package Manager local server
Mono: successfully reloaded assembly
- Finished resetting the current domain, in  1.197 seconds
Domain Reload Profiling: 9595ms
	BeginReloadAssembly (2149ms)
		ExecutionOrderSort (1ms)
		DisableScriptedObjects (278ms)
		BackupInstance (0ms)
		ReleaseScriptingObjects (3ms)
		CreateAndSetChildDomain (561ms)
	RebuildCommonClasses (113ms)
	RebuildNativeTypeToScriptingClass (17ms)
	initialDomainReloadingComplete (80ms)
	LoadAllAssembliesAndSetupDomain (6038ms)
		LoadAssemblies (6586ms)
		RebuildTransferFunctionScriptingTraits (0ms)
		AnalyzeDomain (336ms)
			TypeCache.Refresh (45ms)
				TypeCache.ScanAssembly (2ms)
			BuildScriptInfoCaches (262ms)
			ResolveRequiredComponents (16ms)
	FinalizeReload (1198ms)
		ReleaseScriptCaches (0ms)
		RebuildScriptCaches (0ms)
		SetupLoadedEditorAssemblies (974ms)
			LogAssemblyErrors (0ms)
			InitializePlatformSupportModulesInManaged (18ms)
			SetLoadedEditorAssemblies (7ms)
			BeforeProcessingInitializeOnLoad (161ms)
			ProcessInitializeOnLoadAttributes (658ms)
			ProcessInitializeOnLoadMethodAttributes (126ms)
			AfterProcessingInitializeOnLoad (2ms)
			EditorAssembliesLoaded (1ms)
		ExecutionOrderSort2 (0ms)
		AwakeInstancesAfterBackupRestoration (22ms)
Refreshing native plugins compatible for Editor in 4.34 ms, found 4 plugins.
Preloading 0 native plugins for Editor in 0.00 ms.
Unloading 36 Unused Serialized files (Serialized files now loaded: 0)
Unloading 6766 unused Assets / (5.1 MB). Loaded Objects now: 7629.
Memory consumption went from 155.1 MB to 150.0 MB.
Total: 116.753700 ms (FindLiveObjects: 2.496800 ms CreateObjectMapping: 0.843600 ms MarkObjects: 107.067200 ms  DeleteObjects: 6.342500 ms)

Prepare: number of updated asset objects reloaded= 0
========================================================================
Received Prepare
Begin MonoManager ReloadAssembly
[Licensing::Client] Successfully resolved entitlement details
- Loaded All Assemblies, in 10.828 seconds
Refreshing native plugins compatible for Editor in 69.71 ms, found 4 plugins.
Native extension for Android target not found
Native extension for WindowsStandalone target not found
Native extension for WebGL target not found
[Package Manager] Failed to launch server process. Reason: Unity was launched with the -noUpm command-line argument
[Package Manager] Unable to send message (not connected to server process).
[Package Manager] Cannot connect to Unity Package Manager local server
Mono: successfully reloaded assembly
- Finished resetting the current domain, in  1.091 seconds
Domain Reload Profiling: 11943ms
	BeginReloadAssembly (1952ms)
		ExecutionOrderSort (0ms)
		DisableScriptedObjects (65ms)
		BackupInstance (0ms)
		ReleaseScriptingObjects (1ms)
		CreateAndSetChildDomain (300ms)
	RebuildCommonClasses (168ms)
	RebuildNativeTypeToScriptingClass (21ms)
	initialDomainReloadingComplete (46ms)
	LoadAllAssembliesAndSetupDomain (8665ms)
		LoadAssemblies (8465ms)
		RebuildTransferFunctionScriptingTraits (0ms)
		AnalyzeDomain (985ms)
			TypeCache.Refresh (77ms)
				TypeCache.ScanAssembly (0ms)
			BuildScriptInfoCaches (866ms)
			ResolveRequiredComponents (26ms)
	FinalizeReload (1092ms)
		ReleaseScriptCaches (0ms)
		RebuildScriptCaches (0ms)
		SetupLoadedEditorAssemblies (831ms)
			LogAssemblyErrors (0ms)
			InitializePlatformSupportModulesInManaged (13ms)
			SetLoadedEditorAssemblies (9ms)
			BeforeProcessingInitializeOnLoad (169ms)
			ProcessInitializeOnLoadAttributes (553ms)
			ProcessInitializeOnLoadMethodAttributes (84ms)
			AfterProcessingInitializeOnLoad (2ms)
			EditorAssembliesLoaded (0ms)
		ExecutionOrderSort2 (0ms)
		AwakeInstancesAfterBackupRestoration (17ms)
Refreshing native plugins compatible for Editor in 4.48 ms, found 4 plugins.
Preloading 0 native plugins for Editor in 0.00 ms.
Unloading 36 Unused Serialized files (Serialized files now loaded: 0)
Unloading 6766 unused Assets / (8.0 MB). Loaded Objects now: 7631.
Memory consumption went from 156.6 MB to 148.5 MB.
Total: 99.949600 ms (FindLiveObjects: 2.836300 ms CreateObjectMapping: 0.967100 ms MarkObjects: 82.329200 ms  DeleteObjects: 13.813500 ms)

Prepare: number of updated asset objects reloaded= 0
========================================================================
Received Prepare
Begin MonoManager ReloadAssembly
- Loaded All Assemblies, in  1.166 seconds
Refreshing native plugins compatible for Editor in 3.47 ms, found 4 plugins.
Native extension for Android target not found
Native extension for WindowsStandalone target not found
Native extension for WebGL target not found
[Package Manager] Failed to launch server process. Reason: Unity was launched with the -noUpm command-line argument
[Package Manager] Unable to send message (not connected to server process).
[Package Manager] Cannot connect to Unity Package Manager local server
Mono: successfully reloaded assembly
- Finished resetting the current domain, in  1.123 seconds
Domain Reload Profiling: 2294ms
	BeginReloadAssembly (295ms)
		ExecutionOrderSort (0ms)
		DisableScriptedObjects (24ms)
		BackupInstance (0ms)
		ReleaseScriptingObjects (0ms)
		CreateAndSetChildDomain (70ms)
	RebuildCommonClasses (48ms)
	RebuildNativeTypeToScriptingClass (21ms)
	initialDomainReloadingComplete (48ms)
	LoadAllAssembliesAndSetupDomain (758ms)
		LoadAssemblies (585ms)
		RebuildTransferFunctionScriptingTraits (0ms)
		AnalyzeDomain (304ms)
			TypeCache.Refresh (18ms)
				TypeCache.ScanAssembly (0ms)
			BuildScriptInfoCaches (263ms)
			ResolveRequiredComponents (17ms)
	FinalizeReload (1124ms)
		ReleaseScriptCaches (0ms)
		RebuildScriptCaches (0ms)
		SetupLoadedEditorAssemblies (828ms)
			LogAssemblyErrors (0ms)
			InitializePlatformSupportModulesInManaged (17ms)
			SetLoadedEditorAssemblies (8ms)
			BeforeProcessingInitializeOnLoad (191ms)
			ProcessInitializeOnLoadAttributes (509ms)
			ProcessInitializeOnLoadMethodAttributes (100ms)
			AfterProcessingInitializeOnLoad (2ms)
			EditorAssembliesLoaded (0ms)
		ExecutionOrderSort2 (0ms)
		AwakeInstancesAfterBackupRestoration (33ms)
Refreshing native plugins compatible for Editor in 7.06 ms, found 4 plugins.
Preloading 0 native plugins for Editor in 0.00 ms.
Unloading 36 Unused Serialized files (Serialized files now loaded: 0)
Unloading 6766 unused Assets / (7.4 MB). Loaded Objects now: 7633.
Memory consumption went from 158.0 MB to 150.6 MB.
Total: 29.775100 ms (FindLiveObjects: 3.032900 ms CreateObjectMapping: 1.680600 ms MarkObjects: 12.589300 ms  DeleteObjects: 12.464400 ms)

Prepare: number of updated asset objects reloaded= 0
========================================================================
Received Prepare
Begin MonoManager ReloadAssembly
[Licensing::Client] Successfully resolved entitlement details
- Loaded All Assemblies, in 10.509 seconds
Refreshing native plugins compatible for Editor in 4.54 ms, found 4 plugins.
Native extension for Android target not found
Native extension for WindowsStandalone target not found
Native extension for WebGL target not found
[Package Manager] Failed to launch server process. Reason: Unity was launched with the -noUpm command-line argument
[Package Manager] Unable to send message (not connected to server process).
[Package Manager] Cannot connect to Unity Package Manager local server
Mono: successfully reloaded assembly
- Finished resetting the current domain, in  1.015 seconds
Domain Reload Profiling: 11534ms
	BeginReloadAssembly (4443ms)
		ExecutionOrderSort (1ms)
		DisableScriptedObjects (461ms)
		BackupInstance (0ms)
		ReleaseScriptingObjects (3ms)
		CreateAndSetChildDomain (895ms)
	RebuildCommonClasses (251ms)
	RebuildNativeTypeToScriptingClass (29ms)
	initialDomainReloadingComplete (93ms)
	LoadAllAssembliesAndSetupDomain (5703ms)
		LoadAssemblies (7585ms)
		RebuildTransferFunctionScriptingTraits (0ms)
		AnalyzeDomain (396ms)
			TypeCache.Refresh (95ms)
				TypeCache.ScanAssembly (1ms)
			BuildScriptInfoCaches (272ms)
			ResolveRequiredComponents (19ms)
	FinalizeReload (1015ms)
		ReleaseScriptCaches (0ms)
		RebuildScriptCaches (0ms)
		SetupLoadedEditorAssemblies (806ms)
			LogAssemblyErrors (0ms)
			InitializePlatformSupportModulesInManaged (36ms)
			SetLoadedEditorAssemblies (8ms)
			BeforeProcessingInitializeOnLoad (197ms)
			ProcessInitializeOnLoadAttributes (490ms)
			ProcessInitializeOnLoadMethodAttributes (72ms)
			AfterProcessingInitializeOnLoad (2ms)
			EditorAssembliesLoaded (0ms)
		ExecutionOrderSort2 (0ms)
		AwakeInstancesAfterBackupRestoration (18ms)
Refreshing native plugins compatible for Editor in 5.17 ms, found 4 plugins.
Preloading 0 native plugins for Editor in 0.00 ms.
Unloading 36 Unused Serialized files (Serialized files now loaded: 0)
Unloading 6766 unused Assets / (7.9 MB). Loaded Objects now: 7635.
Memory consumption went from 159.4 MB to 151.5 MB.
Total: 132.899900 ms (FindLiveObjects: 2.369700 ms CreateObjectMapping: 1.063400 ms MarkObjects: 117.327300 ms  DeleteObjects: 12.135900 ms)

Prepare: number of updated asset objects reloaded= 0
========================================================================
Received Prepare
Begin MonoManager ReloadAssembly
[Licensing::Client] Successfully resolved entitlement details
- Loaded All Assemblies, in 11.898 seconds
Refreshing native plugins compatible for Editor in 46.31 ms, found 4 plugins.
Native extension for Android target not found
Native extension for WindowsStandalone target not found
Native extension for WebGL target not found
[Package Manager] Failed to launch server process. Reason: Unity was launched with the -noUpm command-line argument
[Package Manager] Unable to send message (not connected to server process).
[Package Manager] Cannot connect to Unity Package Manager local server
Mono: successfully reloaded assembly
- Finished resetting the current domain, in  1.798 seconds
Domain Reload Profiling: 13710ms
	BeginReloadAssembly (3646ms)
		ExecutionOrderSort (1ms)
		DisableScriptedObjects (359ms)
		BackupInstance (0ms)
		ReleaseScriptingObjects (3ms)
		CreateAndSetChildDomain (1014ms)
	RebuildCommonClasses (133ms)
	RebuildNativeTypeToScriptingClass (15ms)
	initialDomainReloadingComplete (48ms)
	LoadAllAssembliesAndSetupDomain (8070ms)
		LoadAssemblies (8792ms)
		RebuildTransferFunctionScriptingTraits (0ms)
		AnalyzeDomain (697ms)
			TypeCache.Refresh (36ms)
				TypeCache.ScanAssembly (0ms)
			BuildScriptInfoCaches (614ms)
			ResolveRequiredComponents (26ms)
	FinalizeReload (1799ms)
		ReleaseScriptCaches (0ms)
		RebuildScriptCaches (0ms)
		SetupLoadedEditorAssemblies (1394ms)
			LogAssemblyErrors (0ms)
			InitializePlatformSupportModulesInManaged (26ms)
			SetLoadedEditorAssemblies (14ms)
			BeforeProcessingInitializeOnLoad (309ms)
			ProcessInitializeOnLoadAttributes (926ms)
			ProcessInitializeOnLoadMethodAttributes (116ms)
			AfterProcessingInitializeOnLoad (2ms)
			EditorAssembliesLoaded (0ms)
		ExecutionOrderSort2 (0ms)
		AwakeInstancesAfterBackupRestoration (23ms)
Refreshing native plugins compatible for Editor in 2.30 ms, found 4 plugins.
Preloading 0 native plugins for Editor in 0.00 ms.
Unloading 36 Unused Serialized files (Serialized files now loaded: 0)
Unloading 6766 unused Assets / (9.4 MB). Loaded Objects now: 7637.
Memory consumption went from 161.0 MB to 151.5 MB.
Total: 97.168600 ms (FindLiveObjects: 4.338000 ms CreateObjectMapping: 2.777400 ms MarkObjects: 69.534400 ms  DeleteObjects: 20.506400 ms)

Prepare: number of updated asset objects reloaded= 0
========================================================================
Received Import Request.
  Time since last request: 1869.266592 seconds.
  path: Assets/Asset/Enemy/Skeleton/Animation
  artifactKey: Guid(54f4d99ec98a0fa4aab2da6abcbb3223) Importer(815301076,1909f56bfc062723c751e8b465ee728b)
Start importing Assets/Asset/Enemy/Skeleton/Animation using Guid(54f4d99ec98a0fa4aab2da6abcbb3223) Importer(815301076,1909f56bfc062723c751e8b465ee728b) (PreviewImporter) -> (artifact id: '7f2902ae3d6ff5866d85f90343cca0a0') in 0.3406668 seconds
Number of updated asset objects reloaded before import = 0Number of asset objects unloaded after import = 0

========================================================================
Received Import Request.
  Time since last request: 118.168595 seconds.
  path: Assets/Asset/Enemy/Skeleton/Spites/Skeleton Attack.png
  artifactKey: Guid(628ec442c980389448d0b2e81ed7b6fa) Importer(815301076,1909f56bfc062723c751e8b465ee728b)
Start importing Assets/Asset/Enemy/Skeleton/Spites/Skeleton Attack.png using Guid(628ec442c980389448d0b2e81ed7b6fa) Importer(815301076,1909f56bfc062723c751e8b465ee728b) (PreviewImporter) -> (artifact id: 'dfb7c9451f72a4f1d3d518c7299a6289') in 1.0607983 seconds
Number of updated asset objects reloaded before import = 0Number of asset objects unloaded after import = 20

========================================================================
Received Import Request.
  Time since last request: 38.972263 seconds.
  path: Assets/Asset/Enemy/Skeleton/Spites/Skeleton Walk.png
  artifactKey: Guid(336e856c2c444a04d9288020bceabd23) Importer(815301076,1909f56bfc062723c751e8b465ee728b)
Start importing Assets/Asset/Enemy/Skeleton/Spites/Skeleton Walk.png using Guid(336e856c2c444a04d9288020bceabd23) Importer(815301076,1909f56bfc062723c751e8b465ee728b) (PreviewImporter) -> (artifact id: '4ab1bf67f45c7d054a3ee537c024a0b7') in 0.045248 seconds
Number of updated asset objects reloaded before import = 0Number of asset objects unloaded after import = 2

========================================================================
Received Import Request.
  Time since last request: 12.265697 seconds.
  path: Assets/Asset/Enemy/Skeleton/Spites/Skeleton Walk.png
  artifactKey: Guid(336e856c2c444a04d9288020bceabd23) Importer(815301076,1909f56bfc062723c751e8b465ee728b)
Start importing Assets/Asset/Enemy/Skeleton/Spites/Skeleton Walk.png using Guid(336e856c2c444a04d9288020bceabd23) Importer(815301076,1909f56bfc062723c751e8b465ee728b) (PreviewImporter) -> (artifact id: 'db8199543627db3f080a66b2d9ba55f5') in 0.0455142 seconds
Number of updated asset objects reloaded before import = 0Number of asset objects unloaded after import = 3

========================================================================
Received Import Request.
  Time since last request: 83.297936 seconds.
  path: Assets/Asset/Enemy/Skeleton/Spites/Skeleton Walk.png
  artifactKey: Guid(336e856c2c444a04d9288020bceabd23) Importer(815301076,1909f56bfc062723c751e8b465ee728b)
Start importing Assets/Asset/Enemy/Skeleton/Spites/Skeleton Walk.png using Guid(336e856c2c444a04d9288020bceabd23) Importer(815301076,1909f56bfc062723c751e8b465ee728b) (PreviewImporter) -> (artifact id: '7840c1fac174e7efd71c36145f335a5f') in 0.1185372 seconds
Number of updated asset objects reloaded before import = 0Number of asset objects unloaded after import = 15

========================================================================
Received Prepare
Begin MonoManager ReloadAssembly
[Licensing::Client] Successfully resolved entitlement details
- Loaded All Assemblies, in  9.565 seconds
Refreshing native plugins compatible for Editor in 48.47 ms, found 4 plugins.
Native extension for Android target not found
Native extension for WindowsStandalone target not found
Native extension for WebGL target not found
[Package Manager] Failed to launch server process. Reason: Unity was launched with the -noUpm command-line argument
[Package Manager] Unable to send message (not connected to server process).
[Package Manager] Cannot connect to Unity Package Manager local server
Mono: successfully reloaded assembly
- Finished resetting the current domain, in  1.350 seconds
Domain Reload Profiling: 10930ms
	BeginReloadAssembly (2680ms)
		ExecutionOrderSort (2ms)
		DisableScriptedObjects (363ms)
		BackupInstance (0ms)
		ReleaseScriptingObjects (6ms)
		CreateAndSetChildDomain (925ms)
	RebuildCommonClasses (138ms)
	RebuildNativeTypeToScriptingClass (31ms)
	initialDomainReloadingComplete (112ms)
	LoadAllAssembliesAndSetupDomain (6617ms)
		LoadAssemblies (6752ms)
		RebuildTransferFunctionScriptingTraits (0ms)
		AnalyzeDomain (707ms)
			TypeCache.Refresh (37ms)
				TypeCache.ScanAssembly (0ms)
			BuildScriptInfoCaches (629ms)
			ResolveRequiredComponents (24ms)
	FinalizeReload (1352ms)
		ReleaseScriptCaches (0ms)
		RebuildScriptCaches (0ms)
		SetupLoadedEditorAssemblies (1005ms)
			LogAssemblyErrors (0ms)
			InitializePlatformSupportModulesInManaged (16ms)
			SetLoadedEditorAssemblies (6ms)
			BeforeProcessingInitializeOnLoad (165ms)
			ProcessInitializeOnLoadAttributes (601ms)
			ProcessInitializeOnLoadMethodAttributes (211ms)
			AfterProcessingInitializeOnLoad (4ms)
			EditorAssembliesLoaded (1ms)
		ExecutionOrderSort2 (0ms)
		AwakeInstancesAfterBackupRestoration (64ms)
Refreshing native plugins compatible for Editor in 3.86 ms, found 4 plugins.
Preloading 0 native plugins for Editor in 0.00 ms.
Unloading 36 Unused Serialized files (Serialized files now loaded: 0)
Unloading 6766 unused Assets / (8.0 MB). Loaded Objects now: 7645.
Memory consumption went from 153.9 MB to 145.9 MB.
Total: 155.463100 ms (FindLiveObjects: 2.903500 ms CreateObjectMapping: 3.638200 ms MarkObjects: 132.063700 ms  DeleteObjects: 16.853500 ms)

Prepare: number of updated asset objects reloaded= 0
========================================================================
Received Import Request.
  Time since last request: 327.669321 seconds.
  path: Assets/Asset/Enemy/Skeleton/Spites/Skeleton Walk.png
  artifactKey: Guid(336e856c2c444a04d9288020bceabd23) Importer(815301076,1909f56bfc062723c751e8b465ee728b)
Start importing Assets/Asset/Enemy/Skeleton/Spites/Skeleton Walk.png using Guid(336e856c2c444a04d9288020bceabd23) Importer(815301076,1909f56bfc062723c751e8b465ee728b) (PreviewImporter) -> (artifact id: '852c9280d3277beb024a3abeef6d38ca') in 0.8347354 seconds
Number of updated asset objects reloaded before import = 0Number of asset objects unloaded after import = 15

========================================================================
Received Import Request.
  Time since last request: 22.267165 seconds.
  path: Assets/Asset/Enemy/Skeleton/Spites/Skeleton Walk.png
  artifactKey: Guid(336e856c2c444a04d9288020bceabd23) Importer(815301076,1909f56bfc062723c751e8b465ee728b)
Start importing Assets/Asset/Enemy/Skeleton/Spites/Skeleton Walk.png using Guid(336e856c2c444a04d9288020bceabd23) Importer(815301076,1909f56bfc062723c751e8b465ee728b) (PreviewImporter) -> (artifact id: 'd9e09e49fe17759849c16faa0d25262b') in 0.1280657 seconds
Number of updated asset objects reloaded before import = 0Number of asset objects unloaded after import = 15

========================================================================
Received Import Request.
  Time since last request: 27.874056 seconds.
  path: Assets/Asset/Enemy/Skeleton/Spites/Skeleton Attack.png
  artifactKey: Guid(628ec442c980389448d0b2e81ed7b6fa) Importer(815301076,1909f56bfc062723c751e8b465ee728b)
Start importing Assets/Asset/Enemy/Skeleton/Spites/Skeleton Attack.png using Guid(628ec442c980389448d0b2e81ed7b6fa) Importer(815301076,1909f56bfc062723c751e8b465ee728b) (PreviewImporter) -> (artifact id: '756ddbc4b340d307d41ef56ecb428b36') in 0.1792365 seconds
Number of updated asset objects reloaded before import = 0Number of asset objects unloaded after import = 20

